{"C:\\Users\\uggo\\Desktop\\Meal-Booking-App\\API\\server\\index.js":{"path":"C:\\Users\\uggo\\Desktop\\Meal-Booking-App\\API\\server\\index.js","statementMap":{"0":{"start":{"line":3,"column":0},"end":{"line":5,"column":3}},"1":{"start":{"line":6,"column":0},"end":{"line":6,"column":25}},"2":{"start":{"line":8,"column":15},"end":{"line":8,"column":57}},"3":{"start":{"line":10,"column":18},"end":{"line":10,"column":64}},"4":{"start":{"line":12,"column":14},"end":{"line":12,"column":55}},"5":{"start":{"line":14,"column":18},"end":{"line":14,"column":72}},"6":{"start":{"line":16,"column":17},"end":{"line":16,"column":70}},"7":{"start":{"line":18,"column":19},"end":{"line":18,"column":74}},"8":{"start":{"line":20,"column":22},"end":{"line":20,"column":80}},"9":{"start":{"line":22,"column":21},"end":{"line":22,"column":78}},"10":{"start":{"line":24,"column":39},"end":{"line":24,"column":93}},"11":{"start":{"line":29,"column":0},"end":{"line":29,"column":25}},"12":{"start":{"line":31,"column":10},"end":{"line":31,"column":33}},"13":{"start":{"line":32,"column":0},"end":{"line":32,"column":36}},"14":{"start":{"line":33,"column":0},"end":{"line":35,"column":4}},"15":{"start":{"line":36,"column":0},"end":{"line":38,"column":4}},"16":{"start":{"line":39,"column":0},"end":{"line":41,"column":3}},"17":{"start":{"line":40,"column":2},"end":{"line":40,"column":1574}},"18":{"start":{"line":42,"column":0},"end":{"line":42,"column":44}},"19":{"start":{"line":43,"column":0},"end":{"line":43,"column":43}},"20":{"start":{"line":44,"column":0},"end":{"line":44,"column":40}},"21":{"start":{"line":45,"column":0},"end":{"line":45,"column":39}},"22":{"start":{"line":46,"column":0},"end":{"line":46,"column":41}},"23":{"start":{"line":47,"column":0},"end":{"line":49,"column":3}},"24":{"start":{"line":48,"column":2},"end":{"line":48,"column":36}},"25":{"start":{"line":50,"column":15},"end":{"line":50,"column":18}},"26":{"start":{"line":51,"column":0},"end":{"line":51,"column":27}}},"fnMap":{"0":{"name":"_interopRequireDefault","decl":{"start":{"line":24,"column":9},"end":{"line":24,"column":31}},"loc":{"start":{"line":24,"column":37},"end":{"line":24,"column":95}},"line":24},"1":{"name":"(anonymous_1)","decl":{"start":{"line":39,"column":13},"end":{"line":39,"column":14}},"loc":{"start":{"line":39,"column":33},"end":{"line":41,"column":1}},"line":39},"2":{"name":"(anonymous_2)","decl":{"start":{"line":47,"column":8},"end":{"line":47,"column":9}},"loc":{"start":{"line":47,"column":28},"end":{"line":49,"column":1}},"line":47}},"branchMap":{"0":{"loc":{"start":{"line":24,"column":46},"end":{"line":24,"column":92}},"type":"cond-expr","locations":[{"start":{"line":24,"column":70},"end":{"line":24,"column":73}},{"start":{"line":24,"column":76},"end":{"line":24,"column":92}}],"line":24},"1":{"loc":{"start":{"line":24,"column":46},"end":{"line":24,"column":67}},"type":"binary-expr","locations":[{"start":{"line":24,"column":46},"end":{"line":24,"column":49}},{"start":{"line":24,"column":53},"end":{"line":24,"column":67}}],"line":24}},"s":{"0":1,"1":1,"2":1,"3":1,"4":1,"5":1,"6":1,"7":1,"8":1,"9":1,"10":8,"11":1,"12":1,"13":1,"14":1,"15":1,"16":1,"17":1,"18":1,"19":1,"20":1,"21":1,"22":1,"23":1,"24":2,"25":1,"26":1},"f":{"0":8,"1":1,"2":2},"b":{"0":[5,3],"1":[8,8]},"_coverageSchema":"43e27e138ebf9cfc5966b082cf9a028302ed4184","hash":"e5c8bc0aa638d9a059eb5186e0e44dfa4531f8d0","contentHash":"6990e458e89ba7c0a8610edadad0b1b0c708405a15b698ef744ed488ec73b83c"},"C:\\Users\\uggo\\Desktop\\Meal-Booking-App\\API\\server\\routes\\mealsRoute.js":{"path":"C:\\Users\\uggo\\Desktop\\Meal-Booking-App\\API\\server\\routes\\mealsRoute.js","statementMap":{"0":{"start":{"line":3,"column":0},"end":{"line":5,"column":3}},"1":{"start":{"line":6,"column":0},"end":{"line":6,"column":25}},"2":{"start":{"line":8,"column":15},"end":{"line":8,"column":57}},"3":{"start":{"line":10,"column":23},"end":{"line":10,"column":88}},"4":{"start":{"line":12,"column":39},"end":{"line":12,"column":93}},"5":{"start":{"line":15,"column":13},"end":{"line":15,"column":38}},"6":{"start":{"line":17,"column":0},"end":{"line":17,"column":56}},"7":{"start":{"line":18,"column":0},"end":{"line":18,"column":56}},"8":{"start":{"line":19,"column":0},"end":{"line":19,"column":62}},"9":{"start":{"line":20,"column":0},"end":{"line":20,"column":65}},"10":{"start":{"line":21,"column":15},"end":{"line":21,"column":21}},"11":{"start":{"line":22,"column":0},"end":{"line":22,"column":27}}},"fnMap":{"0":{"name":"_interopRequireDefault","decl":{"start":{"line":12,"column":9},"end":{"line":12,"column":31}},"loc":{"start":{"line":12,"column":37},"end":{"line":12,"column":95}},"line":12}},"branchMap":{"0":{"loc":{"start":{"line":12,"column":46},"end":{"line":12,"column":92}},"type":"cond-expr","locations":[{"start":{"line":12,"column":70},"end":{"line":12,"column":73}},{"start":{"line":12,"column":76},"end":{"line":12,"column":92}}],"line":12},"1":{"loc":{"start":{"line":12,"column":46},"end":{"line":12,"column":67}},"type":"binary-expr","locations":[{"start":{"line":12,"column":46},"end":{"line":12,"column":49}},{"start":{"line":12,"column":53},"end":{"line":12,"column":67}}],"line":12}},"s":{"0":1,"1":1,"2":1,"3":1,"4":2,"5":1,"6":1,"7":1,"8":1,"9":1,"10":1,"11":1},"f":{"0":2},"b":{"0":[1,1],"1":[2,2]},"_coverageSchema":"43e27e138ebf9cfc5966b082cf9a028302ed4184","hash":"04aab1aa1759e0570d9407bd6f318a2e183b40ae","contentHash":"9ac032932203878d8d23e3848f280a88e0869aef608bb4ea45610e31fd986419"},"C:\\Users\\uggo\\Desktop\\Meal-Booking-App\\API\\server\\controllers\\MealsController.js":{"path":"C:\\Users\\uggo\\Desktop\\Meal-Booking-App\\API\\server\\controllers\\MealsController.js","statementMap":{"0":{"start":{"line":3,"column":0},"end":{"line":5,"column":3}},"1":{"start":{"line":6,"column":0},"end":{"line":6,"column":25}},"2":{"start":{"line":8,"column":20},"end":{"line":8,"column":79}},"3":{"start":{"line":10,"column":18},"end":{"line":10,"column":74}},"4":{"start":{"line":12,"column":11},"end":{"line":12,"column":60}},"5":{"start":{"line":14,"column":39},"end":{"line":14,"column":93}},"6":{"start":{"line":16,"column":77},"end":{"line":16,"column":175}},"7":{"start":{"line":16,"column":94},"end":{"line":16,"column":107}},"8":{"start":{"line":16,"column":121},"end":{"line":16,"column":131}},"9":{"start":{"line":16,"column":151},"end":{"line":16,"column":165}},"10":{"start":{"line":16,"column":166},"end":{"line":16,"column":173}},"11":{"start":{"line":16,"column":176},"end":{"line":16,"column":263}},"12":{"start":{"line":16,"column":193},"end":{"line":16,"column":208}},"13":{"start":{"line":16,"column":218},"end":{"line":16,"column":261}},"14":{"start":{"line":18,"column":33},"end":{"line":18,"column":387}},"15":{"start":{"line":18,"column":65},"end":{"line":18,"column":69}},"16":{"start":{"line":18,"column":78},"end":{"line":18,"column":87}},"17":{"start":{"line":18,"column":89},"end":{"line":18,"column":384}},"18":{"start":{"line":18,"column":147},"end":{"line":18,"column":167}},"19":{"start":{"line":18,"column":193},"end":{"line":18,"column":264}},"20":{"start":{"line":18,"column":290},"end":{"line":18,"column":360}},"21":{"start":{"line":18,"column":363},"end":{"line":18,"column":380}},"22":{"start":{"line":20,"column":50},"end":{"line":20,"column":151}},"23":{"start":{"line":20,"column":92},"end":{"line":20,"column":149}},"24":{"start":{"line":22,"column":44},"end":{"line":22,"column":315}},"25":{"start":{"line":22,"column":57},"end":{"line":22,"column":58}},"26":{"start":{"line":22,"column":102},"end":{"line":22,"column":110}},"27":{"start":{"line":22,"column":112},"end":{"line":22,"column":167}},"28":{"start":{"line":22,"column":168},"end":{"line":22,"column":199}},"29":{"start":{"line":22,"column":200},"end":{"line":22,"column":254}},"30":{"start":{"line":22,"column":227},"end":{"line":22,"column":254}},"31":{"start":{"line":22,"column":255},"end":{"line":22,"column":313}},"32":{"start":{"line":24,"column":62},"end":{"line":24,"column":131}},"33":{"start":{"line":24,"column":78},"end":{"line":24,"column":131}},"34":{"start":{"line":24,"column":132},"end":{"line":24,"column":193}},"35":{"start":{"line":24,"column":149},"end":{"line":24,"column":193}},"36":{"start":{"line":24,"column":194},"end":{"line":24,"column":213}},"37":{"start":{"line":28,"column":0},"end":{"line":321,"column":3}},"38":{"start":{"line":30,"column":4},"end":{"line":30,"column":43}},"39":{"start":{"line":33,"column":2},"end":{"line":318,"column":6}},"40":{"start":{"line":36,"column":22},"end":{"line":93,"column":9}},"41":{"start":{"line":40,"column":8},"end":{"line":92,"column":26}},"42":{"start":{"line":41,"column":10},"end":{"line":91,"column":11}},"43":{"start":{"line":42,"column":12},"end":{"line":90,"column":13}},"44":{"start":{"line":44,"column":16},"end":{"line":44,"column":53}},"45":{"start":{"line":46,"column":16},"end":{"line":49,"column":17}},"46":{"start":{"line":47,"column":18},"end":{"line":47,"column":37}},"47":{"start":{"line":48,"column":18},"end":{"line":48,"column":24}},"48":{"start":{"line":51,"column":16},"end":{"line":51,"column":34}},"49":{"start":{"line":52,"column":16},"end":{"line":52,"column":59}},"50":{"start":{"line":55,"column":16},"end":{"line":55,"column":36}},"51":{"start":{"line":57,"column":16},"end":{"line":60,"column":17}},"52":{"start":{"line":58,"column":18},"end":{"line":58,"column":37}},"53":{"start":{"line":59,"column":18},"end":{"line":59,"column":24}},"54":{"start":{"line":62,"column":16},"end":{"line":62,"column":34}},"55":{"start":{"line":63,"column":16},"end":{"line":63,"column":59}},"56":{"start":{"line":66,"column":16},"end":{"line":66,"column":38}},"57":{"start":{"line":68,"column":16},"end":{"line":72,"column":17}},"58":{"start":{"line":69,"column":18},"end":{"line":69,"column":71}},"59":{"start":{"line":71,"column":18},"end":{"line":71,"column":46}},"60":{"start":{"line":74,"column":16},"end":{"line":74,"column":35}},"61":{"start":{"line":75,"column":16},"end":{"line":75,"column":22}},"62":{"start":{"line":78,"column":16},"end":{"line":78,"column":92}},"63":{"start":{"line":81,"column":16},"end":{"line":81,"column":35}},"64":{"start":{"line":82,"column":16},"end":{"line":82,"column":22}},"65":{"start":{"line":85,"column":16},"end":{"line":85,"column":96}},"66":{"start":{"line":89,"column":16},"end":{"line":89,"column":39}},"67":{"start":{"line":96,"column":8},"end":{"line":96,"column":48}},"68":{"start":{"line":99,"column":6},"end":{"line":99,"column":22}},"69":{"start":{"line":104,"column":21},"end":{"line":169,"column":9}},"70":{"start":{"line":108,"column":8},"end":{"line":168,"column":27}},"71":{"start":{"line":109,"column":10},"end":{"line":167,"column":11}},"72":{"start":{"line":110,"column":12},"end":{"line":166,"column":13}},"73":{"start":{"line":112,"column":16},"end":{"line":112,"column":53}},"74":{"start":{"line":114,"column":16},"end":{"line":117,"column":17}},"75":{"start":{"line":115,"column":18},"end":{"line":115,"column":38}},"76":{"start":{"line":116,"column":18},"end":{"line":116,"column":24}},"77":{"start":{"line":119,"column":16},"end":{"line":119,"column":35}},"78":{"start":{"line":120,"column":16},"end":{"line":120,"column":59}},"79":{"start":{"line":123,"column":16},"end":{"line":123,"column":37}},"80":{"start":{"line":125,"column":16},"end":{"line":128,"column":17}},"81":{"start":{"line":126,"column":18},"end":{"line":126,"column":38}},"82":{"start":{"line":127,"column":18},"end":{"line":127,"column":24}},"83":{"start":{"line":130,"column":16},"end":{"line":136,"column":18}},"84":{"start":{"line":137,"column":16},"end":{"line":137,"column":35}},"85":{"start":{"line":138,"column":16},"end":{"line":138,"column":58}},"86":{"start":{"line":141,"column":16},"end":{"line":141,"column":43}},"87":{"start":{"line":143,"column":16},"end":{"line":148,"column":17}},"88":{"start":{"line":144,"column":18},"end":{"line":144,"column":67}},"89":{"start":{"line":145,"column":18},"end":{"line":145,"column":44}},"90":{"start":{"line":147,"column":18},"end":{"line":147,"column":50}},"91":{"start":{"line":150,"column":16},"end":{"line":150,"column":36}},"92":{"start":{"line":151,"column":16},"end":{"line":151,"column":22}},"93":{"start":{"line":154,"column":16},"end":{"line":154,"column":92}},"94":{"start":{"line":157,"column":16},"end":{"line":157,"column":36}},"95":{"start":{"line":158,"column":16},"end":{"line":158,"column":22}},"96":{"start":{"line":161,"column":16},"end":{"line":161,"column":96}},"97":{"start":{"line":165,"column":16},"end":{"line":165,"column":40}},"98":{"start":{"line":172,"column":8},"end":{"line":172,"column":47}},"99":{"start":{"line":175,"column":6},"end":{"line":175,"column":21}},"100":{"start":{"line":180,"column":24},"end":{"line":241,"column":9}},"101":{"start":{"line":184,"column":8},"end":{"line":240,"column":27}},"102":{"start":{"line":185,"column":10},"end":{"line":239,"column":11}},"103":{"start":{"line":186,"column":12},"end":{"line":238,"column":13}},"104":{"start":{"line":188,"column":16},"end":{"line":188,"column":53}},"105":{"start":{"line":190,"column":16},"end":{"line":193,"column":17}},"106":{"start":{"line":191,"column":18},"end":{"line":191,"column":38}},"107":{"start":{"line":192,"column":18},"end":{"line":192,"column":24}},"108":{"start":{"line":195,"column":16},"end":{"line":195,"column":35}},"109":{"start":{"line":196,"column":16},"end":{"line":196,"column":59}},"110":{"start":{"line":199,"column":16},"end":{"line":199,"column":37}},"111":{"start":{"line":201,"column":16},"end":{"line":204,"column":17}},"112":{"start":{"line":202,"column":18},"end":{"line":202,"column":38}},"113":{"start":{"line":203,"column":18},"end":{"line":203,"column":24}},"114":{"start":{"line":206,"column":16},"end":{"line":206,"column":39}},"115":{"start":{"line":207,"column":16},"end":{"line":207,"column":35}},"116":{"start":{"line":208,"column":16},"end":{"line":208,"column":70}},"117":{"start":{"line":211,"column":16},"end":{"line":211,"column":41}},"118":{"start":{"line":213,"column":16},"end":{"line":220,"column":17}},"119":{"start":{"line":214,"column":18},"end":{"line":214,"column":61}},"120":{"start":{"line":215,"column":23},"end":{"line":220,"column":17}},"121":{"start":{"line":216,"column":18},"end":{"line":216,"column":65}},"122":{"start":{"line":217,"column":18},"end":{"line":217,"column":44}},"123":{"start":{"line":219,"column":18},"end":{"line":219,"column":48}},"124":{"start":{"line":222,"column":16},"end":{"line":222,"column":36}},"125":{"start":{"line":223,"column":16},"end":{"line":223,"column":22}},"126":{"start":{"line":226,"column":16},"end":{"line":226,"column":95}},"127":{"start":{"line":229,"column":16},"end":{"line":229,"column":36}},"128":{"start":{"line":230,"column":16},"end":{"line":230,"column":22}},"129":{"start":{"line":233,"column":16},"end":{"line":233,"column":96}},"130":{"start":{"line":237,"column":16},"end":{"line":237,"column":40}},"131":{"start":{"line":244,"column":8},"end":{"line":244,"column":50}},"132":{"start":{"line":247,"column":6},"end":{"line":247,"column":24}},"133":{"start":{"line":252,"column":24},"end":{"line":310,"column":9}},"134":{"start":{"line":256,"column":8},"end":{"line":309,"column":27}},"135":{"start":{"line":257,"column":10},"end":{"line":308,"column":11}},"136":{"start":{"line":258,"column":12},"end":{"line":307,"column":13}},"137":{"start":{"line":260,"column":16},"end":{"line":260,"column":53}},"138":{"start":{"line":262,"column":16},"end":{"line":265,"column":17}},"139":{"start":{"line":263,"column":18},"end":{"line":263,"column":38}},"140":{"start":{"line":264,"column":18},"end":{"line":264,"column":24}},"141":{"start":{"line":267,"column":16},"end":{"line":267,"column":35}},"142":{"start":{"line":268,"column":16},"end":{"line":268,"column":59}},"143":{"start":{"line":271,"column":16},"end":{"line":271,"column":37}},"144":{"start":{"line":273,"column":16},"end":{"line":276,"column":17}},"145":{"start":{"line":274,"column":18},"end":{"line":274,"column":38}},"146":{"start":{"line":275,"column":18},"end":{"line":275,"column":24}},"147":{"start":{"line":278,"column":16},"end":{"line":278,"column":39}},"148":{"start":{"line":279,"column":16},"end":{"line":279,"column":35}},"149":{"start":{"line":280,"column":16},"end":{"line":280,"column":60}},"150":{"start":{"line":283,"column":16},"end":{"line":283,"column":41}},"151":{"start":{"line":285,"column":16},"end":{"line":289,"column":17}},"152":{"start":{"line":286,"column":18},"end":{"line":286,"column":61}},"153":{"start":{"line":288,"column":18},"end":{"line":288,"column":71}},"154":{"start":{"line":291,"column":16},"end":{"line":291,"column":36}},"155":{"start":{"line":292,"column":16},"end":{"line":292,"column":22}},"156":{"start":{"line":295,"column":16},"end":{"line":295,"column":93}},"157":{"start":{"line":298,"column":16},"end":{"line":298,"column":36}},"158":{"start":{"line":299,"column":16},"end":{"line":299,"column":22}},"159":{"start":{"line":302,"column":16},"end":{"line":302,"column":96}},"160":{"start":{"line":306,"column":16},"end":{"line":306,"column":40}},"161":{"start":{"line":313,"column":8},"end":{"line":313,"column":50}},"162":{"start":{"line":316,"column":6},"end":{"line":316,"column":24}},"163":{"start":{"line":320,"column":2},"end":{"line":320,"column":25}},"164":{"start":{"line":323,"column":15},"end":{"line":323,"column":36}},"165":{"start":{"line":325,"column":0},"end":{"line":325,"column":27}}},"fnMap":{"0":{"name":"_interopRequireDefault","decl":{"start":{"line":14,"column":9},"end":{"line":14,"column":31}},"loc":{"start":{"line":14,"column":37},"end":{"line":14,"column":95}},"line":14},"1":{"name":"asyncGeneratorStep","decl":{"start":{"line":16,"column":9},"end":{"line":16,"column":27}},"loc":{"start":{"line":16,"column":75},"end":{"line":16,"column":265}},"line":16},"2":{"name":"_asyncToGenerator","decl":{"start":{"line":18,"column":9},"end":{"line":18,"column":26}},"loc":{"start":{"line":18,"column":31},"end":{"line":18,"column":389}},"line":18},"3":{"name":"(anonymous_3)","decl":{"start":{"line":18,"column":40},"end":{"line":18,"column":41}},"loc":{"start":{"line":18,"column":52},"end":{"line":18,"column":386}},"line":18},"4":{"name":"(anonymous_4)","decl":{"start":{"line":18,"column":108},"end":{"line":18,"column":109}},"loc":{"start":{"line":18,"column":135},"end":{"line":18,"column":382}},"line":18},"5":{"name":"_next","decl":{"start":{"line":18,"column":178},"end":{"line":18,"column":183}},"loc":{"start":{"line":18,"column":191},"end":{"line":18,"column":266}},"line":18},"6":{"name":"_throw","decl":{"start":{"line":18,"column":276},"end":{"line":18,"column":282}},"loc":{"start":{"line":18,"column":288},"end":{"line":18,"column":362}},"line":18},"7":{"name":"_classCallCheck","decl":{"start":{"line":20,"column":9},"end":{"line":20,"column":24}},"loc":{"start":{"line":20,"column":48},"end":{"line":20,"column":153}},"line":20},"8":{"name":"_defineProperties","decl":{"start":{"line":22,"column":9},"end":{"line":22,"column":26}},"loc":{"start":{"line":22,"column":42},"end":{"line":22,"column":317}},"line":22},"9":{"name":"_createClass","decl":{"start":{"line":24,"column":9},"end":{"line":24,"column":21}},"loc":{"start":{"line":24,"column":60},"end":{"line":24,"column":215}},"line":24},"10":{"name":"(anonymous_10)","decl":{"start":{"line":28,"column":0},"end":{"line":28,"column":1}},"loc":{"start":{"line":28,"column":12},"end":{"line":321,"column":1}},"line":28},"11":{"name":"MealsController","decl":{"start":{"line":29,"column":11},"end":{"line":29,"column":26}},"loc":{"start":{"line":29,"column":29},"end":{"line":31,"column":3}},"line":29},"12":{"name":"(anonymous_12)","decl":{"start":{"line":35,"column":11},"end":{"line":35,"column":12}},"loc":{"start":{"line":35,"column":23},"end":{"line":100,"column":5}},"line":35},"13":{"name":"_callee","decl":{"start":{"line":38,"column":39},"end":{"line":38,"column":46}},"loc":{"start":{"line":38,"column":57},"end":{"line":93,"column":7}},"line":38},"14":{"name":"_callee$","decl":{"start":{"line":40,"column":48},"end":{"line":40,"column":56}},"loc":{"start":{"line":40,"column":67},"end":{"line":92,"column":9}},"line":40},"15":{"name":"getMeals","decl":{"start":{"line":95,"column":15},"end":{"line":95,"column":23}},"loc":{"start":{"line":95,"column":33},"end":{"line":97,"column":7}},"line":95},"16":{"name":"(anonymous_16)","decl":{"start":{"line":103,"column":11},"end":{"line":103,"column":12}},"loc":{"start":{"line":103,"column":23},"end":{"line":176,"column":5}},"line":103},"17":{"name":"_callee2","decl":{"start":{"line":106,"column":39},"end":{"line":106,"column":47}},"loc":{"start":{"line":106,"column":58},"end":{"line":169,"column":7}},"line":106},"18":{"name":"_callee2$","decl":{"start":{"line":108,"column":48},"end":{"line":108,"column":57}},"loc":{"start":{"line":108,"column":69},"end":{"line":168,"column":9}},"line":108},"19":{"name":"addMeal","decl":{"start":{"line":171,"column":15},"end":{"line":171,"column":22}},"loc":{"start":{"line":171,"column":33},"end":{"line":173,"column":7}},"line":171},"20":{"name":"(anonymous_20)","decl":{"start":{"line":179,"column":11},"end":{"line":179,"column":12}},"loc":{"start":{"line":179,"column":23},"end":{"line":248,"column":5}},"line":179},"21":{"name":"_callee3","decl":{"start":{"line":182,"column":39},"end":{"line":182,"column":47}},"loc":{"start":{"line":182,"column":58},"end":{"line":241,"column":7}},"line":182},"22":{"name":"_callee3$","decl":{"start":{"line":184,"column":48},"end":{"line":184,"column":57}},"loc":{"start":{"line":184,"column":69},"end":{"line":240,"column":9}},"line":184},"23":{"name":"modifyMeal","decl":{"start":{"line":243,"column":15},"end":{"line":243,"column":25}},"loc":{"start":{"line":243,"column":36},"end":{"line":245,"column":7}},"line":243},"24":{"name":"(anonymous_24)","decl":{"start":{"line":251,"column":11},"end":{"line":251,"column":12}},"loc":{"start":{"line":251,"column":23},"end":{"line":317,"column":5}},"line":251},"25":{"name":"_callee4","decl":{"start":{"line":254,"column":39},"end":{"line":254,"column":47}},"loc":{"start":{"line":254,"column":58},"end":{"line":310,"column":7}},"line":254},"26":{"name":"_callee4$","decl":{"start":{"line":256,"column":48},"end":{"line":256,"column":57}},"loc":{"start":{"line":256,"column":69},"end":{"line":309,"column":9}},"line":256},"27":{"name":"deleteMeal","decl":{"start":{"line":312,"column":15},"end":{"line":312,"column":25}},"loc":{"start":{"line":312,"column":36},"end":{"line":314,"column":7}},"line":312}},"branchMap":{"0":{"loc":{"start":{"line":14,"column":46},"end":{"line":14,"column":92}},"type":"cond-expr","locations":[{"start":{"line":14,"column":70},"end":{"line":14,"column":73}},{"start":{"line":14,"column":76},"end":{"line":14,"column":92}}],"line":14},"1":{"loc":{"start":{"line":14,"column":46},"end":{"line":14,"column":67}},"type":"binary-expr","locations":[{"start":{"line":14,"column":46},"end":{"line":14,"column":49}},{"start":{"line":14,"column":53},"end":{"line":14,"column":67}}],"line":14},"2":{"loc":{"start":{"line":16,"column":176},"end":{"line":16,"column":263}},"type":"if","locations":[{"start":{"line":16,"column":176},"end":{"line":16,"column":263}},{"start":{"line":16,"column":176},"end":{"line":16,"column":263}}],"line":16},"3":{"loc":{"start":{"line":20,"column":50},"end":{"line":20,"column":151}},"type":"if","locations":[{"start":{"line":20,"column":50},"end":{"line":20,"column":151}},{"start":{"line":20,"column":50},"end":{"line":20,"column":151}}],"line":20},"4":{"loc":{"start":{"line":22,"column":136},"end":{"line":22,"column":166}},"type":"binary-expr","locations":[{"start":{"line":22,"column":136},"end":{"line":22,"column":157}},{"start":{"line":22,"column":161},"end":{"line":22,"column":166}}],"line":22},"5":{"loc":{"start":{"line":22,"column":200},"end":{"line":22,"column":254}},"type":"if","locations":[{"start":{"line":22,"column":200},"end":{"line":22,"column":254}},{"start":{"line":22,"column":200},"end":{"line":22,"column":254}}],"line":22},"6":{"loc":{"start":{"line":24,"column":62},"end":{"line":24,"column":131}},"type":"if","locations":[{"start":{"line":24,"column":62},"end":{"line":24,"column":131}},{"start":{"line":24,"column":62},"end":{"line":24,"column":131}}],"line":24},"7":{"loc":{"start":{"line":24,"column":132},"end":{"line":24,"column":193}},"type":"if","locations":[{"start":{"line":24,"column":132},"end":{"line":24,"column":193}},{"start":{"line":24,"column":132},"end":{"line":24,"column":193}}],"line":24},"8":{"loc":{"start":{"line":42,"column":12},"end":{"line":90,"column":13}},"type":"switch","locations":[{"start":{"line":43,"column":14},"end":{"line":52,"column":59}},{"start":{"line":54,"column":14},"end":{"line":63,"column":59}},{"start":{"line":65,"column":14},"end":{"line":75,"column":22}},{"start":{"line":77,"column":14},"end":{"line":78,"column":92}},{"start":{"line":80,"column":14},"end":{"line":82,"column":22}},{"start":{"line":84,"column":14},"end":{"line":85,"column":96}},{"start":{"line":87,"column":14},"end":{"line":87,"column":22}},{"start":{"line":88,"column":14},"end":{"line":89,"column":39}}],"line":42},"9":{"loc":{"start":{"line":46,"column":16},"end":{"line":49,"column":17}},"type":"if","locations":[{"start":{"line":46,"column":16},"end":{"line":49,"column":17}},{"start":{"line":46,"column":16},"end":{"line":49,"column":17}}],"line":46},"10":{"loc":{"start":{"line":57,"column":16},"end":{"line":60,"column":17}},"type":"if","locations":[{"start":{"line":57,"column":16},"end":{"line":60,"column":17}},{"start":{"line":57,"column":16},"end":{"line":60,"column":17}}],"line":57},"11":{"loc":{"start":{"line":57,"column":22},"end":{"line":57,"column":68}},"type":"binary-expr","locations":[{"start":{"line":57,"column":22},"end":{"line":57,"column":35}},{"start":{"line":57,"column":39},"end":{"line":57,"column":68}}],"line":57},"12":{"loc":{"start":{"line":68,"column":16},"end":{"line":72,"column":17}},"type":"if","locations":[{"start":{"line":68,"column":16},"end":{"line":72,"column":17}},{"start":{"line":68,"column":16},"end":{"line":72,"column":17}}],"line":68},"13":{"loc":{"start":{"line":110,"column":12},"end":{"line":166,"column":13}},"type":"switch","locations":[{"start":{"line":111,"column":14},"end":{"line":120,"column":59}},{"start":{"line":122,"column":14},"end":{"line":138,"column":58}},{"start":{"line":140,"column":14},"end":{"line":151,"column":22}},{"start":{"line":153,"column":14},"end":{"line":154,"column":92}},{"start":{"line":156,"column":14},"end":{"line":158,"column":22}},{"start":{"line":160,"column":14},"end":{"line":161,"column":96}},{"start":{"line":163,"column":14},"end":{"line":163,"column":22}},{"start":{"line":164,"column":14},"end":{"line":165,"column":40}}],"line":110},"14":{"loc":{"start":{"line":114,"column":16},"end":{"line":117,"column":17}},"type":"if","locations":[{"start":{"line":114,"column":16},"end":{"line":117,"column":17}},{"start":{"line":114,"column":16},"end":{"line":117,"column":17}}],"line":114},"15":{"loc":{"start":{"line":125,"column":16},"end":{"line":128,"column":17}},"type":"if","locations":[{"start":{"line":125,"column":16},"end":{"line":128,"column":17}},{"start":{"line":125,"column":16},"end":{"line":128,"column":17}}],"line":125},"16":{"loc":{"start":{"line":125,"column":22},"end":{"line":125,"column":68}},"type":"binary-expr","locations":[{"start":{"line":125,"column":22},"end":{"line":125,"column":35}},{"start":{"line":125,"column":39},"end":{"line":125,"column":68}}],"line":125},"17":{"loc":{"start":{"line":143,"column":16},"end":{"line":148,"column":17}},"type":"if","locations":[{"start":{"line":143,"column":16},"end":{"line":148,"column":17}},{"start":{"line":143,"column":16},"end":{"line":148,"column":17}}],"line":143},"18":{"loc":{"start":{"line":186,"column":12},"end":{"line":238,"column":13}},"type":"switch","locations":[{"start":{"line":187,"column":14},"end":{"line":196,"column":59}},{"start":{"line":198,"column":14},"end":{"line":208,"column":70}},{"start":{"line":210,"column":14},"end":{"line":223,"column":22}},{"start":{"line":225,"column":14},"end":{"line":226,"column":95}},{"start":{"line":228,"column":14},"end":{"line":230,"column":22}},{"start":{"line":232,"column":14},"end":{"line":233,"column":96}},{"start":{"line":235,"column":14},"end":{"line":235,"column":22}},{"start":{"line":236,"column":14},"end":{"line":237,"column":40}}],"line":186},"19":{"loc":{"start":{"line":190,"column":16},"end":{"line":193,"column":17}},"type":"if","locations":[{"start":{"line":190,"column":16},"end":{"line":193,"column":17}},{"start":{"line":190,"column":16},"end":{"line":193,"column":17}}],"line":190},"20":{"loc":{"start":{"line":201,"column":16},"end":{"line":204,"column":17}},"type":"if","locations":[{"start":{"line":201,"column":16},"end":{"line":204,"column":17}},{"start":{"line":201,"column":16},"end":{"line":204,"column":17}}],"line":201},"21":{"loc":{"start":{"line":201,"column":22},"end":{"line":201,"column":68}},"type":"binary-expr","locations":[{"start":{"line":201,"column":22},"end":{"line":201,"column":35}},{"start":{"line":201,"column":39},"end":{"line":201,"column":68}}],"line":201},"22":{"loc":{"start":{"line":213,"column":16},"end":{"line":220,"column":17}},"type":"if","locations":[{"start":{"line":213,"column":16},"end":{"line":220,"column":17}},{"start":{"line":213,"column":16},"end":{"line":220,"column":17}}],"line":213},"23":{"loc":{"start":{"line":213,"column":20},"end":{"line":213,"column":81}},"type":"binary-expr","locations":[{"start":{"line":213,"column":20},"end":{"line":213,"column":36}},{"start":{"line":213,"column":40},"end":{"line":213,"column":81}}],"line":213},"24":{"loc":{"start":{"line":215,"column":23},"end":{"line":220,"column":17}},"type":"if","locations":[{"start":{"line":215,"column":23},"end":{"line":220,"column":17}},{"start":{"line":215,"column":23},"end":{"line":220,"column":17}}],"line":215},"25":{"loc":{"start":{"line":258,"column":12},"end":{"line":307,"column":13}},"type":"switch","locations":[{"start":{"line":259,"column":14},"end":{"line":268,"column":59}},{"start":{"line":270,"column":14},"end":{"line":280,"column":60}},{"start":{"line":282,"column":14},"end":{"line":292,"column":22}},{"start":{"line":294,"column":14},"end":{"line":295,"column":93}},{"start":{"line":297,"column":14},"end":{"line":299,"column":22}},{"start":{"line":301,"column":14},"end":{"line":302,"column":96}},{"start":{"line":304,"column":14},"end":{"line":304,"column":22}},{"start":{"line":305,"column":14},"end":{"line":306,"column":40}}],"line":258},"26":{"loc":{"start":{"line":262,"column":16},"end":{"line":265,"column":17}},"type":"if","locations":[{"start":{"line":262,"column":16},"end":{"line":265,"column":17}},{"start":{"line":262,"column":16},"end":{"line":265,"column":17}}],"line":262},"27":{"loc":{"start":{"line":273,"column":16},"end":{"line":276,"column":17}},"type":"if","locations":[{"start":{"line":273,"column":16},"end":{"line":276,"column":17}},{"start":{"line":273,"column":16},"end":{"line":276,"column":17}}],"line":273},"28":{"loc":{"start":{"line":273,"column":22},"end":{"line":273,"column":68}},"type":"binary-expr","locations":[{"start":{"line":273,"column":22},"end":{"line":273,"column":35}},{"start":{"line":273,"column":39},"end":{"line":273,"column":68}}],"line":273},"29":{"loc":{"start":{"line":285,"column":16},"end":{"line":289,"column":17}},"type":"if","locations":[{"start":{"line":285,"column":16},"end":{"line":289,"column":17}},{"start":{"line":285,"column":16},"end":{"line":289,"column":17}}],"line":285},"30":{"loc":{"start":{"line":285,"column":20},"end":{"line":285,"column":78}},"type":"binary-expr","locations":[{"start":{"line":285,"column":20},"end":{"line":285,"column":61}},{"start":{"line":285,"column":65},"end":{"line":285,"column":78}}],"line":285}},"s":{"0":1,"1":1,"2":1,"3":1,"4":1,"5":3,"6":84,"7":84,"8":84,"9":0,"10":0,"11":84,"12":32,"13":52,"14":4,"15":32,"16":32,"17":32,"18":32,"19":84,"20":0,"21":32,"22":1,"23":0,"24":1,"25":1,"26":4,"27":4,"28":4,"29":4,"30":4,"31":4,"32":1,"33":1,"34":1,"35":0,"36":1,"37":1,"38":1,"39":1,"40":1,"41":4,"42":9,"43":16,"44":4,"45":4,"46":1,"47":1,"48":3,"49":3,"50":3,"51":3,"52":1,"53":1,"54":2,"55":2,"56":2,"57":2,"58":1,"59":1,"60":2,"61":2,"62":1,"63":3,"64":3,"65":1,"66":4,"67":4,"68":1,"69":1,"70":11,"71":30,"72":51,"73":11,"74":11,"75":1,"76":1,"77":10,"78":10,"79":10,"80":10,"81":1,"82":1,"83":9,"84":9,"85":9,"86":9,"87":9,"88":5,"89":5,"90":4,"91":9,"92":9,"93":1,"94":10,"95":10,"96":1,"97":11,"98":11,"99":1,"100":1,"101":11,"102":30,"103":51,"104":11,"105":11,"106":1,"107":1,"108":10,"109":10,"110":10,"111":10,"112":1,"113":1,"114":9,"115":9,"116":9,"117":9,"118":9,"119":4,"120":5,"121":1,"122":1,"123":4,"124":9,"125":9,"126":1,"127":10,"128":10,"129":1,"130":11,"131":11,"132":1,"133":1,"134":6,"135":15,"136":26,"137":6,"138":6,"139":1,"140":1,"141":5,"142":5,"143":5,"144":5,"145":1,"146":1,"147":4,"148":4,"149":4,"150":4,"151":4,"152":3,"153":1,"154":4,"155":4,"156":1,"157":5,"158":5,"159":1,"160":6,"161":6,"162":1,"163":1,"164":1,"165":1},"f":{"0":3,"1":84,"2":4,"3":32,"4":32,"5":84,"6":0,"7":1,"8":1,"9":1,"10":1,"11":1,"12":1,"13":4,"14":9,"15":4,"16":1,"17":11,"18":30,"19":11,"20":1,"21":11,"22":30,"23":11,"24":1,"25":6,"26":15,"27":6},"b":{"0":[3,0],"1":[3,3],"2":[32,52],"3":[0,1],"4":[4,4],"5":[4,0],"6":[1,0],"7":[0,1],"8":[4,3,2,1,3,1,4,4],"9":[1,3],"10":[1,2],"11":[3,2],"12":[1,1],"13":[11,10,9,1,10,1,11,11],"14":[1,10],"15":[1,9],"16":[10,9],"17":[5,4],"18":[11,10,9,1,10,1,11,11],"19":[1,10],"20":[1,9],"21":[10,9],"22":[4,5],"23":[9,6],"24":[1,4],"25":[6,5,4,1,5,1,6,6],"26":[1,5],"27":[1,4],"28":[5,4],"29":[3,1],"30":[4,3]},"_coverageSchema":"43e27e138ebf9cfc5966b082cf9a028302ed4184","hash":"80d5ec517d7f9ff9e502d3d08374f4b8f30a89b1","contentHash":"56fed70aa7f0db778904fc3ee6f6336a6d6dda7ce9731634ecd3a5862f6ddc03"},"C:\\Users\\uggo\\Desktop\\Meal-Booking-App\\API\\server\\services\\MealsService.js":{"path":"C:\\Users\\uggo\\Desktop\\Meal-Booking-App\\API\\server\\services\\MealsService.js","statementMap":{"0":{"start":{"line":3,"column":0},"end":{"line":5,"column":3}},"1":{"start":{"line":6,"column":0},"end":{"line":6,"column":25}},"2":{"start":{"line":8,"column":13},"end":{"line":8,"column":39}},"3":{"start":{"line":10,"column":77},"end":{"line":10,"column":175}},"4":{"start":{"line":10,"column":94},"end":{"line":10,"column":107}},"5":{"start":{"line":10,"column":121},"end":{"line":10,"column":131}},"6":{"start":{"line":10,"column":151},"end":{"line":10,"column":165}},"7":{"start":{"line":10,"column":166},"end":{"line":10,"column":173}},"8":{"start":{"line":10,"column":176},"end":{"line":10,"column":263}},"9":{"start":{"line":10,"column":193},"end":{"line":10,"column":208}},"10":{"start":{"line":10,"column":218},"end":{"line":10,"column":261}},"11":{"start":{"line":12,"column":33},"end":{"line":12,"column":387}},"12":{"start":{"line":12,"column":65},"end":{"line":12,"column":69}},"13":{"start":{"line":12,"column":78},"end":{"line":12,"column":87}},"14":{"start":{"line":12,"column":89},"end":{"line":12,"column":384}},"15":{"start":{"line":12,"column":147},"end":{"line":12,"column":167}},"16":{"start":{"line":12,"column":193},"end":{"line":12,"column":264}},"17":{"start":{"line":12,"column":290},"end":{"line":12,"column":360}},"18":{"start":{"line":12,"column":363},"end":{"line":12,"column":380}},"19":{"start":{"line":14,"column":50},"end":{"line":14,"column":151}},"20":{"start":{"line":14,"column":92},"end":{"line":14,"column":149}},"21":{"start":{"line":16,"column":44},"end":{"line":16,"column":315}},"22":{"start":{"line":16,"column":57},"end":{"line":16,"column":58}},"23":{"start":{"line":16,"column":102},"end":{"line":16,"column":110}},"24":{"start":{"line":16,"column":112},"end":{"line":16,"column":167}},"25":{"start":{"line":16,"column":168},"end":{"line":16,"column":199}},"26":{"start":{"line":16,"column":200},"end":{"line":16,"column":254}},"27":{"start":{"line":16,"column":227},"end":{"line":16,"column":254}},"28":{"start":{"line":16,"column":255},"end":{"line":16,"column":313}},"29":{"start":{"line":18,"column":62},"end":{"line":18,"column":131}},"30":{"start":{"line":18,"column":78},"end":{"line":18,"column":131}},"31":{"start":{"line":18,"column":132},"end":{"line":18,"column":193}},"32":{"start":{"line":18,"column":149},"end":{"line":18,"column":193}},"33":{"start":{"line":18,"column":194},"end":{"line":18,"column":213}},"34":{"start":{"line":22,"column":0},"end":{"line":235,"column":3}},"35":{"start":{"line":24,"column":4},"end":{"line":24,"column":39}},"36":{"start":{"line":26,"column":4},"end":{"line":26,"column":30}},"37":{"start":{"line":29,"column":2},"end":{"line":232,"column":6}},"38":{"start":{"line":32,"column":25},"end":{"line":59,"column":9}},"39":{"start":{"line":36,"column":8},"end":{"line":58,"column":36}},"40":{"start":{"line":37,"column":10},"end":{"line":57,"column":11}},"41":{"start":{"line":38,"column":12},"end":{"line":56,"column":13}},"42":{"start":{"line":40,"column":16},"end":{"line":40,"column":34}},"43":{"start":{"line":41,"column":16},"end":{"line":41,"column":34}},"44":{"start":{"line":42,"column":16},"end":{"line":42,"column":52}},"45":{"start":{"line":45,"column":16},"end":{"line":45,"column":39}},"46":{"start":{"line":46,"column":16},"end":{"line":46,"column":57}},"47":{"start":{"line":49,"column":16},"end":{"line":49,"column":34}},"48":{"start":{"line":50,"column":16},"end":{"line":50,"column":51}},"49":{"start":{"line":51,"column":16},"end":{"line":51,"column":62}},"50":{"start":{"line":55,"column":16},"end":{"line":55,"column":39}},"51":{"start":{"line":62,"column":8},"end":{"line":62,"column":51}},"52":{"start":{"line":65,"column":6},"end":{"line":65,"column":25}},"53":{"start":{"line":70,"column":25},"end":{"line":101,"column":9}},"54":{"start":{"line":74,"column":8},"end":{"line":100,"column":37}},"55":{"start":{"line":75,"column":10},"end":{"line":99,"column":11}},"56":{"start":{"line":76,"column":12},"end":{"line":98,"column":13}},"57":{"start":{"line":78,"column":16},"end":{"line":78,"column":35}},"58":{"start":{"line":79,"column":16},"end":{"line":79,"column":35}},"59":{"start":{"line":80,"column":16},"end":{"line":84,"column":19}},"60":{"start":{"line":87,"column":16},"end":{"line":87,"column":40}},"61":{"start":{"line":88,"column":16},"end":{"line":88,"column":58}},"62":{"start":{"line":91,"column":16},"end":{"line":91,"column":35}},"63":{"start":{"line":92,"column":16},"end":{"line":92,"column":53}},"64":{"start":{"line":93,"column":16},"end":{"line":93,"column":64}},"65":{"start":{"line":97,"column":16},"end":{"line":97,"column":40}},"66":{"start":{"line":104,"column":8},"end":{"line":104,"column":51}},"67":{"start":{"line":107,"column":6},"end":{"line":107,"column":25}},"68":{"start":{"line":112,"column":17},"end":{"line":139,"column":9}},"69":{"start":{"line":116,"column":8},"end":{"line":138,"column":37}},"70":{"start":{"line":117,"column":10},"end":{"line":137,"column":11}},"71":{"start":{"line":118,"column":12},"end":{"line":136,"column":13}},"72":{"start":{"line":120,"column":16},"end":{"line":120,"column":35}},"73":{"start":{"line":121,"column":16},"end":{"line":121,"column":35}},"74":{"start":{"line":122,"column":16},"end":{"line":122,"column":51}},"75":{"start":{"line":125,"column":16},"end":{"line":125,"column":40}},"76":{"start":{"line":126,"column":16},"end":{"line":126,"column":58}},"77":{"start":{"line":129,"column":16},"end":{"line":129,"column":35}},"78":{"start":{"line":130,"column":16},"end":{"line":130,"column":53}},"79":{"start":{"line":131,"column":16},"end":{"line":131,"column":64}},"80":{"start":{"line":135,"column":16},"end":{"line":135,"column":40}},"81":{"start":{"line":142,"column":8},"end":{"line":142,"column":43}},"82":{"start":{"line":145,"column":6},"end":{"line":145,"column":17}},"83":{"start":{"line":150,"column":20},"end":{"line":182,"column":9}},"84":{"start":{"line":154,"column":8},"end":{"line":181,"column":37}},"85":{"start":{"line":155,"column":10},"end":{"line":180,"column":11}},"86":{"start":{"line":156,"column":12},"end":{"line":179,"column":13}},"87":{"start":{"line":158,"column":16},"end":{"line":158,"column":35}},"88":{"start":{"line":159,"column":16},"end":{"line":159,"column":35}},"89":{"start":{"line":160,"column":16},"end":{"line":165,"column":19}},"90":{"start":{"line":168,"column":16},"end":{"line":168,"column":40}},"91":{"start":{"line":169,"column":16},"end":{"line":169,"column":58}},"92":{"start":{"line":172,"column":16},"end":{"line":172,"column":35}},"93":{"start":{"line":173,"column":16},"end":{"line":173,"column":53}},"94":{"start":{"line":174,"column":16},"end":{"line":174,"column":64}},"95":{"start":{"line":178,"column":16},"end":{"line":178,"column":40}},"96":{"start":{"line":185,"column":8},"end":{"line":185,"column":46}},"97":{"start":{"line":188,"column":6},"end":{"line":188,"column":20}},"98":{"start":{"line":193,"column":21},"end":{"line":224,"column":9}},"99":{"start":{"line":197,"column":8},"end":{"line":223,"column":37}},"100":{"start":{"line":198,"column":10},"end":{"line":222,"column":11}},"101":{"start":{"line":199,"column":12},"end":{"line":221,"column":13}},"102":{"start":{"line":201,"column":16},"end":{"line":201,"column":35}},"103":{"start":{"line":202,"column":16},"end":{"line":202,"column":35}},"104":{"start":{"line":203,"column":16},"end":{"line":207,"column":19}},"105":{"start":{"line":210,"column":16},"end":{"line":210,"column":35}},"106":{"start":{"line":211,"column":16},"end":{"line":211,"column":53}},"107":{"start":{"line":214,"column":16},"end":{"line":214,"column":35}},"108":{"start":{"line":215,"column":16},"end":{"line":215,"column":53}},"109":{"start":{"line":216,"column":16},"end":{"line":216,"column":64}},"110":{"start":{"line":220,"column":16},"end":{"line":220,"column":40}},"111":{"start":{"line":227,"column":8},"end":{"line":227,"column":47}},"112":{"start":{"line":230,"column":6},"end":{"line":230,"column":21}},"113":{"start":{"line":234,"column":2},"end":{"line":234,"column":21}},"114":{"start":{"line":237,"column":15},"end":{"line":237,"column":32}},"115":{"start":{"line":239,"column":0},"end":{"line":239,"column":27}}},"fnMap":{"0":{"name":"asyncGeneratorStep","decl":{"start":{"line":10,"column":9},"end":{"line":10,"column":27}},"loc":{"start":{"line":10,"column":75},"end":{"line":10,"column":265}},"line":10},"1":{"name":"_asyncToGenerator","decl":{"start":{"line":12,"column":9},"end":{"line":12,"column":26}},"loc":{"start":{"line":12,"column":31},"end":{"line":12,"column":389}},"line":12},"2":{"name":"(anonymous_2)","decl":{"start":{"line":12,"column":40},"end":{"line":12,"column":41}},"loc":{"start":{"line":12,"column":52},"end":{"line":12,"column":386}},"line":12},"3":{"name":"(anonymous_3)","decl":{"start":{"line":12,"column":108},"end":{"line":12,"column":109}},"loc":{"start":{"line":12,"column":135},"end":{"line":12,"column":382}},"line":12},"4":{"name":"_next","decl":{"start":{"line":12,"column":178},"end":{"line":12,"column":183}},"loc":{"start":{"line":12,"column":191},"end":{"line":12,"column":266}},"line":12},"5":{"name":"_throw","decl":{"start":{"line":12,"column":276},"end":{"line":12,"column":282}},"loc":{"start":{"line":12,"column":288},"end":{"line":12,"column":362}},"line":12},"6":{"name":"_classCallCheck","decl":{"start":{"line":14,"column":9},"end":{"line":14,"column":24}},"loc":{"start":{"line":14,"column":48},"end":{"line":14,"column":153}},"line":14},"7":{"name":"_defineProperties","decl":{"start":{"line":16,"column":9},"end":{"line":16,"column":26}},"loc":{"start":{"line":16,"column":42},"end":{"line":16,"column":317}},"line":16},"8":{"name":"_createClass","decl":{"start":{"line":18,"column":9},"end":{"line":18,"column":21}},"loc":{"start":{"line":18,"column":60},"end":{"line":18,"column":215}},"line":18},"9":{"name":"(anonymous_9)","decl":{"start":{"line":22,"column":0},"end":{"line":22,"column":1}},"loc":{"start":{"line":22,"column":12},"end":{"line":235,"column":1}},"line":22},"10":{"name":"MealService","decl":{"start":{"line":23,"column":11},"end":{"line":23,"column":22}},"loc":{"start":{"line":23,"column":25},"end":{"line":27,"column":3}},"line":23},"11":{"name":"(anonymous_11)","decl":{"start":{"line":31,"column":11},"end":{"line":31,"column":12}},"loc":{"start":{"line":31,"column":23},"end":{"line":66,"column":5}},"line":31},"12":{"name":"_callee","decl":{"start":{"line":34,"column":39},"end":{"line":34,"column":46}},"loc":{"start":{"line":34,"column":49},"end":{"line":59,"column":7}},"line":34},"13":{"name":"_callee$","decl":{"start":{"line":36,"column":48},"end":{"line":36,"column":56}},"loc":{"start":{"line":36,"column":67},"end":{"line":58,"column":9}},"line":36},"14":{"name":"getAllMeals","decl":{"start":{"line":61,"column":15},"end":{"line":61,"column":26}},"loc":{"start":{"line":61,"column":29},"end":{"line":63,"column":7}},"line":61},"15":{"name":"(anonymous_15)","decl":{"start":{"line":69,"column":11},"end":{"line":69,"column":12}},"loc":{"start":{"line":69,"column":23},"end":{"line":108,"column":5}},"line":69},"16":{"name":"_callee2","decl":{"start":{"line":72,"column":39},"end":{"line":72,"column":47}},"loc":{"start":{"line":72,"column":56},"end":{"line":101,"column":7}},"line":72},"17":{"name":"_callee2$","decl":{"start":{"line":74,"column":48},"end":{"line":74,"column":57}},"loc":{"start":{"line":74,"column":69},"end":{"line":100,"column":9}},"line":74},"18":{"name":"getMealById","decl":{"start":{"line":103,"column":15},"end":{"line":103,"column":26}},"loc":{"start":{"line":103,"column":31},"end":{"line":105,"column":7}},"line":103},"19":{"name":"(anonymous_19)","decl":{"start":{"line":111,"column":11},"end":{"line":111,"column":12}},"loc":{"start":{"line":111,"column":23},"end":{"line":146,"column":5}},"line":111},"20":{"name":"_callee3","decl":{"start":{"line":114,"column":39},"end":{"line":114,"column":47}},"loc":{"start":{"line":114,"column":58},"end":{"line":139,"column":7}},"line":114},"21":{"name":"_callee3$","decl":{"start":{"line":116,"column":48},"end":{"line":116,"column":57}},"loc":{"start":{"line":116,"column":69},"end":{"line":138,"column":9}},"line":116},"22":{"name":"add","decl":{"start":{"line":141,"column":15},"end":{"line":141,"column":18}},"loc":{"start":{"line":141,"column":24},"end":{"line":143,"column":7}},"line":141},"23":{"name":"(anonymous_23)","decl":{"start":{"line":149,"column":11},"end":{"line":149,"column":12}},"loc":{"start":{"line":149,"column":23},"end":{"line":189,"column":5}},"line":149},"24":{"name":"_callee4","decl":{"start":{"line":152,"column":39},"end":{"line":152,"column":47}},"loc":{"start":{"line":152,"column":66},"end":{"line":182,"column":7}},"line":152},"25":{"name":"_callee4$","decl":{"start":{"line":154,"column":48},"end":{"line":154,"column":57}},"loc":{"start":{"line":154,"column":69},"end":{"line":181,"column":9}},"line":154},"26":{"name":"modify","decl":{"start":{"line":184,"column":15},"end":{"line":184,"column":21}},"loc":{"start":{"line":184,"column":32},"end":{"line":186,"column":7}},"line":184},"27":{"name":"(anonymous_27)","decl":{"start":{"line":192,"column":11},"end":{"line":192,"column":12}},"loc":{"start":{"line":192,"column":23},"end":{"line":231,"column":5}},"line":192},"28":{"name":"_callee5","decl":{"start":{"line":195,"column":39},"end":{"line":195,"column":47}},"loc":{"start":{"line":195,"column":56},"end":{"line":224,"column":7}},"line":195},"29":{"name":"_callee5$","decl":{"start":{"line":197,"column":48},"end":{"line":197,"column":57}},"loc":{"start":{"line":197,"column":69},"end":{"line":223,"column":9}},"line":197},"30":{"name":"_delete","decl":{"start":{"line":226,"column":15},"end":{"line":226,"column":22}},"loc":{"start":{"line":226,"column":28},"end":{"line":228,"column":7}},"line":226}},"branchMap":{"0":{"loc":{"start":{"line":10,"column":176},"end":{"line":10,"column":263}},"type":"if","locations":[{"start":{"line":10,"column":176},"end":{"line":10,"column":263}},{"start":{"line":10,"column":176},"end":{"line":10,"column":263}}],"line":10},"1":{"loc":{"start":{"line":14,"column":50},"end":{"line":14,"column":151}},"type":"if","locations":[{"start":{"line":14,"column":50},"end":{"line":14,"column":151}},{"start":{"line":14,"column":50},"end":{"line":14,"column":151}}],"line":14},"2":{"loc":{"start":{"line":16,"column":136},"end":{"line":16,"column":166}},"type":"binary-expr","locations":[{"start":{"line":16,"column":136},"end":{"line":16,"column":157}},{"start":{"line":16,"column":161},"end":{"line":16,"column":166}}],"line":16},"3":{"loc":{"start":{"line":16,"column":200},"end":{"line":16,"column":254}},"type":"if","locations":[{"start":{"line":16,"column":200},"end":{"line":16,"column":254}},{"start":{"line":16,"column":200},"end":{"line":16,"column":254}}],"line":16},"4":{"loc":{"start":{"line":18,"column":62},"end":{"line":18,"column":131}},"type":"if","locations":[{"start":{"line":18,"column":62},"end":{"line":18,"column":131}},{"start":{"line":18,"column":62},"end":{"line":18,"column":131}}],"line":18},"5":{"loc":{"start":{"line":18,"column":132},"end":{"line":18,"column":193}},"type":"if","locations":[{"start":{"line":18,"column":132},"end":{"line":18,"column":193}},{"start":{"line":18,"column":132},"end":{"line":18,"column":193}}],"line":18},"6":{"loc":{"start":{"line":38,"column":12},"end":{"line":56,"column":13}},"type":"switch","locations":[{"start":{"line":39,"column":14},"end":{"line":42,"column":52}},{"start":{"line":44,"column":14},"end":{"line":46,"column":57}},{"start":{"line":48,"column":14},"end":{"line":51,"column":62}},{"start":{"line":53,"column":14},"end":{"line":53,"column":22}},{"start":{"line":54,"column":14},"end":{"line":55,"column":39}}],"line":38},"7":{"loc":{"start":{"line":76,"column":12},"end":{"line":98,"column":13}},"type":"switch","locations":[{"start":{"line":77,"column":14},"end":{"line":84,"column":19}},{"start":{"line":86,"column":14},"end":{"line":88,"column":58}},{"start":{"line":90,"column":14},"end":{"line":93,"column":64}},{"start":{"line":95,"column":14},"end":{"line":95,"column":22}},{"start":{"line":96,"column":14},"end":{"line":97,"column":40}}],"line":76},"8":{"loc":{"start":{"line":118,"column":12},"end":{"line":136,"column":13}},"type":"switch","locations":[{"start":{"line":119,"column":14},"end":{"line":122,"column":51}},{"start":{"line":124,"column":14},"end":{"line":126,"column":58}},{"start":{"line":128,"column":14},"end":{"line":131,"column":64}},{"start":{"line":133,"column":14},"end":{"line":133,"column":22}},{"start":{"line":134,"column":14},"end":{"line":135,"column":40}}],"line":118},"9":{"loc":{"start":{"line":156,"column":12},"end":{"line":179,"column":13}},"type":"switch","locations":[{"start":{"line":157,"column":14},"end":{"line":165,"column":19}},{"start":{"line":167,"column":14},"end":{"line":169,"column":58}},{"start":{"line":171,"column":14},"end":{"line":174,"column":64}},{"start":{"line":176,"column":14},"end":{"line":176,"column":22}},{"start":{"line":177,"column":14},"end":{"line":178,"column":40}}],"line":156},"10":{"loc":{"start":{"line":199,"column":12},"end":{"line":221,"column":13}},"type":"switch","locations":[{"start":{"line":200,"column":14},"end":{"line":207,"column":19}},{"start":{"line":209,"column":14},"end":{"line":211,"column":53}},{"start":{"line":213,"column":14},"end":{"line":216,"column":64}},{"start":{"line":218,"column":14},"end":{"line":218,"column":22}},{"start":{"line":219,"column":14},"end":{"line":220,"column":40}}],"line":199}},"s":{"0":1,"1":1,"2":1,"3":86,"4":86,"5":86,"6":0,"7":0,"8":86,"9":43,"10":43,"11":5,"12":43,"13":43,"14":43,"15":43,"16":75,"17":11,"18":43,"19":1,"20":0,"21":1,"22":1,"23":5,"24":5,"25":5,"26":5,"27":5,"28":5,"29":1,"30":1,"31":1,"32":0,"33":1,"34":1,"35":1,"36":1,"37":1,"38":1,"39":2,"40":6,"41":6,"42":2,"43":2,"44":2,"45":2,"46":2,"47":0,"48":0,"49":0,"50":2,"51":2,"52":1,"53":1,"54":19,"55":57,"56":57,"57":19,"58":19,"59":19,"60":16,"61":16,"62":3,"63":3,"64":3,"65":19,"66":19,"67":1,"68":1,"69":9,"70":27,"71":27,"72":9,"73":9,"74":9,"75":4,"76":4,"77":5,"78":5,"79":5,"80":9,"81":9,"82":1,"83":1,"84":9,"85":27,"86":27,"87":9,"88":9,"89":9,"90":7,"91":7,"92":2,"93":2,"94":2,"95":9,"96":9,"97":1,"98":1,"99":4,"100":12,"101":12,"102":4,"103":4,"104":4,"105":3,"106":3,"107":1,"108":1,"109":1,"110":4,"111":4,"112":1,"113":1,"114":1,"115":1},"f":{"0":86,"1":5,"2":43,"3":43,"4":75,"5":11,"6":1,"7":1,"8":1,"9":1,"10":1,"11":1,"12":2,"13":6,"14":2,"15":1,"16":19,"17":57,"18":19,"19":1,"20":9,"21":27,"22":9,"23":1,"24":9,"25":27,"26":9,"27":1,"28":4,"29":12,"30":4},"b":{"0":[43,43],"1":[0,1],"2":[5,5],"3":[5,0],"4":[1,0],"5":[0,1],"6":[2,2,0,0,2],"7":[19,16,3,0,19],"8":[9,4,5,0,9],"9":[9,7,2,0,9],"10":[4,3,1,0,4]},"_coverageSchema":"43e27e138ebf9cfc5966b082cf9a028302ed4184","hash":"869588de8d86c26f976fcce57480c35218be6688","contentHash":"942266ba340655dddb6989ca632f3070e162487b9e8b0d4a7de900d8bd61fe3c"},"C:\\Users\\uggo\\Desktop\\Meal-Booking-App\\API\\server\\models\\index.js":{"path":"C:\\Users\\uggo\\Desktop\\Meal-Booking-App\\API\\server\\models\\index.js","statementMap":{"0":{"start":{"line":3,"column":0},"end":{"line":5,"column":3}},"1":{"start":{"line":6,"column":0},"end":{"line":6,"column":115}},"2":{"start":{"line":8,"column":18},"end":{"line":8,"column":41}},"3":{"start":{"line":10,"column":17},"end":{"line":10,"column":63}},"4":{"start":{"line":12,"column":16},"end":{"line":12,"column":61}},"5":{"start":{"line":14,"column":13},"end":{"line":14,"column":55}},"6":{"start":{"line":16,"column":12},"end":{"line":16,"column":53}},"7":{"start":{"line":18,"column":14},"end":{"line":18,"column":57}},"8":{"start":{"line":20,"column":39},"end":{"line":20,"column":93}},"9":{"start":{"line":23,"column":16},"end":{"line":23,"column":48}},"10":{"start":{"line":25,"column":0},"end":{"line":25,"column":30}},"11":{"start":{"line":27,"column":15},"end":{"line":27,"column":45}},"12":{"start":{"line":29,"column":0},"end":{"line":29,"column":28}},"13":{"start":{"line":31,"column":12},"end":{"line":31,"column":36}},"14":{"start":{"line":33,"column":0},"end":{"line":33,"column":22}},"15":{"start":{"line":35,"column":11},"end":{"line":35,"column":34}},"16":{"start":{"line":37,"column":0},"end":{"line":37,"column":20}},"17":{"start":{"line":39,"column":13},"end":{"line":39,"column":39}},"18":{"start":{"line":42,"column":0},"end":{"line":42,"column":24}},"19":{"start":{"line":44,"column":0},"end":{"line":44,"column":72}},"20":{"start":{"line":46,"column":0},"end":{"line":46,"column":73}},"21":{"start":{"line":48,"column":0},"end":{"line":48,"column":48}},"22":{"start":{"line":50,"column":0},"end":{"line":50,"column":47}},"23":{"start":{"line":52,"column":0},"end":{"line":52,"column":35}},"24":{"start":{"line":54,"column":0},"end":{"line":54,"column":39}},"25":{"start":{"line":56,"column":0},"end":{"line":56,"column":38}},"26":{"start":{"line":58,"column":17},"end":{"line":58,"column":40}},"27":{"start":{"line":59,"column":0},"end":{"line":59,"column":32}}},"fnMap":{"0":{"name":"_interopRequireDefault","decl":{"start":{"line":20,"column":9},"end":{"line":20,"column":31}},"loc":{"start":{"line":20,"column":37},"end":{"line":20,"column":95}},"line":20}},"branchMap":{"0":{"loc":{"start":{"line":20,"column":46},"end":{"line":20,"column":92}},"type":"cond-expr","locations":[{"start":{"line":20,"column":70},"end":{"line":20,"column":73}},{"start":{"line":20,"column":76},"end":{"line":20,"column":92}}],"line":20},"1":{"loc":{"start":{"line":20,"column":46},"end":{"line":20,"column":67}},"type":"binary-expr","locations":[{"start":{"line":20,"column":46},"end":{"line":20,"column":49}},{"start":{"line":20,"column":53},"end":{"line":20,"column":67}}],"line":20}},"s":{"0":1,"1":1,"2":1,"3":1,"4":1,"5":1,"6":1,"7":1,"8":5,"9":1,"10":1,"11":1,"12":1,"13":1,"14":1,"15":1,"16":1,"17":1,"18":1,"19":1,"20":1,"21":1,"22":1,"23":1,"24":1,"25":1,"26":1,"27":1},"f":{"0":5},"b":{"0":[5,0],"1":[5,5]},"_coverageSchema":"43e27e138ebf9cfc5966b082cf9a028302ed4184","hash":"552f97d716e642e6c9b94f2e05dcf6435aade34d","contentHash":"a656b2f2afded8adab16100f2469b2d32e6096eefe099ad29761c71ddf49f37c"},"C:\\Users\\uggo\\Desktop\\Meal-Booking-App\\API\\server\\models\\Sequelizer.js":{"path":"C:\\Users\\uggo\\Desktop\\Meal-Booking-App\\API\\server\\models\\Sequelizer.js","statementMap":{"0":{"start":{"line":3,"column":0},"end":{"line":5,"column":3}},"1":{"start":{"line":6,"column":0},"end":{"line":6,"column":60}},"2":{"start":{"line":8,"column":14},"end":{"line":8,"column":55}},"3":{"start":{"line":10,"column":17},"end":{"line":10,"column":61}},"4":{"start":{"line":12,"column":39},"end":{"line":12,"column":93}},"5":{"start":{"line":14,"column":77},"end":{"line":14,"column":175}},"6":{"start":{"line":14,"column":94},"end":{"line":14,"column":107}},"7":{"start":{"line":14,"column":121},"end":{"line":14,"column":131}},"8":{"start":{"line":14,"column":151},"end":{"line":14,"column":165}},"9":{"start":{"line":14,"column":166},"end":{"line":14,"column":173}},"10":{"start":{"line":14,"column":176},"end":{"line":14,"column":263}},"11":{"start":{"line":14,"column":193},"end":{"line":14,"column":208}},"12":{"start":{"line":14,"column":218},"end":{"line":14,"column":261}},"13":{"start":{"line":16,"column":33},"end":{"line":16,"column":387}},"14":{"start":{"line":16,"column":65},"end":{"line":16,"column":69}},"15":{"start":{"line":16,"column":78},"end":{"line":16,"column":87}},"16":{"start":{"line":16,"column":89},"end":{"line":16,"column":384}},"17":{"start":{"line":16,"column":147},"end":{"line":16,"column":167}},"18":{"start":{"line":16,"column":193},"end":{"line":16,"column":264}},"19":{"start":{"line":16,"column":290},"end":{"line":16,"column":360}},"20":{"start":{"line":16,"column":363},"end":{"line":16,"column":380}},"21":{"start":{"line":18,"column":50},"end":{"line":18,"column":151}},"22":{"start":{"line":18,"column":92},"end":{"line":18,"column":149}},"23":{"start":{"line":20,"column":44},"end":{"line":20,"column":315}},"24":{"start":{"line":20,"column":57},"end":{"line":20,"column":58}},"25":{"start":{"line":20,"column":102},"end":{"line":20,"column":110}},"26":{"start":{"line":20,"column":112},"end":{"line":20,"column":167}},"27":{"start":{"line":20,"column":168},"end":{"line":20,"column":199}},"28":{"start":{"line":20,"column":200},"end":{"line":20,"column":254}},"29":{"start":{"line":20,"column":227},"end":{"line":20,"column":254}},"30":{"start":{"line":20,"column":255},"end":{"line":20,"column":313}},"31":{"start":{"line":22,"column":62},"end":{"line":22,"column":131}},"32":{"start":{"line":22,"column":78},"end":{"line":22,"column":131}},"33":{"start":{"line":22,"column":132},"end":{"line":22,"column":193}},"34":{"start":{"line":22,"column":149},"end":{"line":22,"column":193}},"35":{"start":{"line":22,"column":194},"end":{"line":22,"column":213}},"36":{"start":{"line":24,"column":0},"end":{"line":24,"column":25}},"37":{"start":{"line":28,"column":0},"end":{"line":77,"column":3}},"38":{"start":{"line":30,"column":4},"end":{"line":30,"column":38}},"39":{"start":{"line":32,"column":4},"end":{"line":36,"column":7}},"40":{"start":{"line":37,"column":4},"end":{"line":37,"column":40}},"41":{"start":{"line":40,"column":2},"end":{"line":74,"column":6}},"42":{"start":{"line":43,"column":6},"end":{"line":43,"column":25}},"43":{"start":{"line":48,"column":26},"end":{"line":66,"column":9}},"44":{"start":{"line":51,"column":8},"end":{"line":65,"column":26}},"45":{"start":{"line":52,"column":10},"end":{"line":64,"column":11}},"46":{"start":{"line":53,"column":12},"end":{"line":63,"column":13}},"47":{"start":{"line":55,"column":16},"end":{"line":55,"column":34}},"48":{"start":{"line":56,"column":16},"end":{"line":58,"column":19}},"49":{"start":{"line":62,"column":16},"end":{"line":62,"column":39}},"50":{"start":{"line":69,"column":8},"end":{"line":69,"column":52}},"51":{"start":{"line":72,"column":6},"end":{"line":72,"column":26}},"52":{"start":{"line":76,"column":2},"end":{"line":76,"column":20}},"53":{"start":{"line":79,"column":10},"end":{"line":79,"column":26}},"54":{"start":{"line":80,"column":0},"end":{"line":80,"column":18}},"55":{"start":{"line":81,"column":16},"end":{"line":81,"column":35}},"56":{"start":{"line":82,"column":0},"end":{"line":82,"column":30}},"57":{"start":{"line":83,"column":15},"end":{"line":83,"column":28}},"58":{"start":{"line":84,"column":0},"end":{"line":84,"column":28}}},"fnMap":{"0":{"name":"_interopRequireDefault","decl":{"start":{"line":12,"column":9},"end":{"line":12,"column":31}},"loc":{"start":{"line":12,"column":37},"end":{"line":12,"column":95}},"line":12},"1":{"name":"asyncGeneratorStep","decl":{"start":{"line":14,"column":9},"end":{"line":14,"column":27}},"loc":{"start":{"line":14,"column":75},"end":{"line":14,"column":265}},"line":14},"2":{"name":"_asyncToGenerator","decl":{"start":{"line":16,"column":9},"end":{"line":16,"column":26}},"loc":{"start":{"line":16,"column":31},"end":{"line":16,"column":389}},"line":16},"3":{"name":"(anonymous_3)","decl":{"start":{"line":16,"column":40},"end":{"line":16,"column":41}},"loc":{"start":{"line":16,"column":52},"end":{"line":16,"column":386}},"line":16},"4":{"name":"(anonymous_4)","decl":{"start":{"line":16,"column":108},"end":{"line":16,"column":109}},"loc":{"start":{"line":16,"column":135},"end":{"line":16,"column":382}},"line":16},"5":{"name":"_next","decl":{"start":{"line":16,"column":178},"end":{"line":16,"column":183}},"loc":{"start":{"line":16,"column":191},"end":{"line":16,"column":266}},"line":16},"6":{"name":"_throw","decl":{"start":{"line":16,"column":276},"end":{"line":16,"column":282}},"loc":{"start":{"line":16,"column":288},"end":{"line":16,"column":362}},"line":16},"7":{"name":"_classCallCheck","decl":{"start":{"line":18,"column":9},"end":{"line":18,"column":24}},"loc":{"start":{"line":18,"column":48},"end":{"line":18,"column":153}},"line":18},"8":{"name":"_defineProperties","decl":{"start":{"line":20,"column":9},"end":{"line":20,"column":26}},"loc":{"start":{"line":20,"column":42},"end":{"line":20,"column":317}},"line":20},"9":{"name":"_createClass","decl":{"start":{"line":22,"column":9},"end":{"line":22,"column":21}},"loc":{"start":{"line":22,"column":60},"end":{"line":22,"column":215}},"line":22},"10":{"name":"(anonymous_10)","decl":{"start":{"line":28,"column":0},"end":{"line":28,"column":1}},"loc":{"start":{"line":28,"column":12},"end":{"line":77,"column":1}},"line":28},"11":{"name":"Sequelizer","decl":{"start":{"line":29,"column":11},"end":{"line":29,"column":21}},"loc":{"start":{"line":29,"column":24},"end":{"line":38,"column":3}},"line":29},"12":{"name":"getSequelizer","decl":{"start":{"line":42,"column":20},"end":{"line":42,"column":33}},"loc":{"start":{"line":42,"column":36},"end":{"line":44,"column":5}},"line":42},"13":{"name":"(anonymous_13)","decl":{"start":{"line":47,"column":11},"end":{"line":47,"column":12}},"loc":{"start":{"line":47,"column":23},"end":{"line":73,"column":5}},"line":47},"14":{"name":"_callee","decl":{"start":{"line":50,"column":39},"end":{"line":50,"column":46}},"loc":{"start":{"line":50,"column":55},"end":{"line":66,"column":7}},"line":50},"15":{"name":"_callee$","decl":{"start":{"line":51,"column":48},"end":{"line":51,"column":56}},"loc":{"start":{"line":51,"column":67},"end":{"line":65,"column":9}},"line":51},"16":{"name":"createTables","decl":{"start":{"line":68,"column":15},"end":{"line":68,"column":27}},"loc":{"start":{"line":68,"column":32},"end":{"line":70,"column":7}},"line":68}},"branchMap":{"0":{"loc":{"start":{"line":12,"column":46},"end":{"line":12,"column":92}},"type":"cond-expr","locations":[{"start":{"line":12,"column":70},"end":{"line":12,"column":73}},{"start":{"line":12,"column":76},"end":{"line":12,"column":92}}],"line":12},"1":{"loc":{"start":{"line":12,"column":46},"end":{"line":12,"column":67}},"type":"binary-expr","locations":[{"start":{"line":12,"column":46},"end":{"line":12,"column":49}},{"start":{"line":12,"column":53},"end":{"line":12,"column":67}}],"line":12},"2":{"loc":{"start":{"line":14,"column":176},"end":{"line":14,"column":263}},"type":"if","locations":[{"start":{"line":14,"column":176},"end":{"line":14,"column":263}},{"start":{"line":14,"column":176},"end":{"line":14,"column":263}}],"line":14},"3":{"loc":{"start":{"line":18,"column":50},"end":{"line":18,"column":151}},"type":"if","locations":[{"start":{"line":18,"column":50},"end":{"line":18,"column":151}},{"start":{"line":18,"column":50},"end":{"line":18,"column":151}}],"line":18},"4":{"loc":{"start":{"line":20,"column":136},"end":{"line":20,"column":166}},"type":"binary-expr","locations":[{"start":{"line":20,"column":136},"end":{"line":20,"column":157}},{"start":{"line":20,"column":161},"end":{"line":20,"column":166}}],"line":20},"5":{"loc":{"start":{"line":20,"column":200},"end":{"line":20,"column":254}},"type":"if","locations":[{"start":{"line":20,"column":200},"end":{"line":20,"column":254}},{"start":{"line":20,"column":200},"end":{"line":20,"column":254}}],"line":20},"6":{"loc":{"start":{"line":22,"column":62},"end":{"line":22,"column":131}},"type":"if","locations":[{"start":{"line":22,"column":62},"end":{"line":22,"column":131}},{"start":{"line":22,"column":62},"end":{"line":22,"column":131}}],"line":22},"7":{"loc":{"start":{"line":22,"column":132},"end":{"line":22,"column":193}},"type":"if","locations":[{"start":{"line":22,"column":132},"end":{"line":22,"column":193}},{"start":{"line":22,"column":132},"end":{"line":22,"column":193}}],"line":22},"8":{"loc":{"start":{"line":53,"column":12},"end":{"line":63,"column":13}},"type":"switch","locations":[{"start":{"line":54,"column":14},"end":{"line":58,"column":19}},{"start":{"line":60,"column":14},"end":{"line":60,"column":21}},{"start":{"line":61,"column":14},"end":{"line":62,"column":39}}],"line":53}},"s":{"0":1,"1":1,"2":1,"3":1,"4":2,"5":2,"6":2,"7":2,"8":0,"9":0,"10":2,"11":1,"12":1,"13":1,"14":1,"15":1,"16":1,"17":1,"18":2,"19":0,"20":1,"21":1,"22":0,"23":1,"24":1,"25":2,"26":2,"27":2,"28":2,"29":2,"30":2,"31":1,"32":1,"33":1,"34":0,"35":1,"36":1,"37":1,"38":1,"39":1,"40":1,"41":1,"42":1,"43":1,"44":1,"45":2,"46":2,"47":1,"48":1,"49":1,"50":1,"51":1,"52":1,"53":1,"54":1,"55":1,"56":1,"57":1,"58":1},"f":{"0":2,"1":2,"2":1,"3":1,"4":1,"5":2,"6":0,"7":1,"8":1,"9":1,"10":1,"11":1,"12":1,"13":1,"14":1,"15":2,"16":1},"b":{"0":[0,2],"1":[2,2],"2":[1,1],"3":[0,1],"4":[2,2],"5":[2,0],"6":[1,0],"7":[0,1],"8":[1,1,1]},"_coverageSchema":"43e27e138ebf9cfc5966b082cf9a028302ed4184","hash":"98f5e383ac9e34e755535b6ca03ac61c30647593","contentHash":"914bd8b72c0097cfd14d32c2502b5af418fac2f59f9ea09267ac1cdd65f0d2fe"},"C:\\Users\\uggo\\Desktop\\Meal-Booking-App\\API\\server\\models\\Customers.js":{"path":"C:\\Users\\uggo\\Desktop\\Meal-Booking-App\\API\\server\\models\\Customers.js","statementMap":{"0":{"start":{"line":3,"column":0},"end":{"line":5,"column":3}},"1":{"start":{"line":6,"column":0},"end":{"line":6,"column":25}},"2":{"start":{"line":8,"column":18},"end":{"line":8,"column":41}},"3":{"start":{"line":10,"column":50},"end":{"line":10,"column":151}},"4":{"start":{"line":10,"column":92},"end":{"line":10,"column":149}},"5":{"start":{"line":12,"column":44},"end":{"line":12,"column":315}},"6":{"start":{"line":12,"column":57},"end":{"line":12,"column":58}},"7":{"start":{"line":12,"column":102},"end":{"line":12,"column":110}},"8":{"start":{"line":12,"column":112},"end":{"line":12,"column":167}},"9":{"start":{"line":12,"column":168},"end":{"line":12,"column":199}},"10":{"start":{"line":12,"column":200},"end":{"line":12,"column":254}},"11":{"start":{"line":12,"column":227},"end":{"line":12,"column":254}},"12":{"start":{"line":12,"column":255},"end":{"line":12,"column":313}},"13":{"start":{"line":14,"column":62},"end":{"line":14,"column":131}},"14":{"start":{"line":14,"column":78},"end":{"line":14,"column":131}},"15":{"start":{"line":14,"column":132},"end":{"line":14,"column":193}},"16":{"start":{"line":14,"column":149},"end":{"line":14,"column":193}},"17":{"start":{"line":14,"column":194},"end":{"line":14,"column":213}},"18":{"start":{"line":18,"column":0},"end":{"line":98,"column":3}},"19":{"start":{"line":20,"column":4},"end":{"line":20,"column":37}},"20":{"start":{"line":22,"column":4},"end":{"line":80,"column":7}},"21":{"start":{"line":83,"column":2},"end":{"line":95,"column":6}},"22":{"start":{"line":86,"column":6},"end":{"line":86,"column":27}},"23":{"start":{"line":91,"column":6},"end":{"line":93,"column":9}},"24":{"start":{"line":97,"column":2},"end":{"line":97,"column":19}},"25":{"start":{"line":100,"column":15},"end":{"line":100,"column":30}},"26":{"start":{"line":102,"column":0},"end":{"line":102,"column":27}}},"fnMap":{"0":{"name":"_classCallCheck","decl":{"start":{"line":10,"column":9},"end":{"line":10,"column":24}},"loc":{"start":{"line":10,"column":48},"end":{"line":10,"column":153}},"line":10},"1":{"name":"_defineProperties","decl":{"start":{"line":12,"column":9},"end":{"line":12,"column":26}},"loc":{"start":{"line":12,"column":42},"end":{"line":12,"column":317}},"line":12},"2":{"name":"_createClass","decl":{"start":{"line":14,"column":9},"end":{"line":14,"column":21}},"loc":{"start":{"line":14,"column":60},"end":{"line":14,"column":215}},"line":14},"3":{"name":"(anonymous_3)","decl":{"start":{"line":18,"column":0},"end":{"line":18,"column":1}},"loc":{"start":{"line":18,"column":12},"end":{"line":98,"column":1}},"line":18},"4":{"name":"Customers","decl":{"start":{"line":19,"column":11},"end":{"line":19,"column":20}},"loc":{"start":{"line":19,"column":23},"end":{"line":81,"column":3}},"line":19},"5":{"name":"getCustomer","decl":{"start":{"line":85,"column":20},"end":{"line":85,"column":31}},"loc":{"start":{"line":85,"column":34},"end":{"line":87,"column":5}},"line":85},"6":{"name":"associationWithCaterer","decl":{"start":{"line":90,"column":20},"end":{"line":90,"column":42}},"loc":{"start":{"line":90,"column":60},"end":{"line":94,"column":5}},"line":90}},"branchMap":{"0":{"loc":{"start":{"line":10,"column":50},"end":{"line":10,"column":151}},"type":"if","locations":[{"start":{"line":10,"column":50},"end":{"line":10,"column":151}},{"start":{"line":10,"column":50},"end":{"line":10,"column":151}}],"line":10},"1":{"loc":{"start":{"line":12,"column":136},"end":{"line":12,"column":166}},"type":"binary-expr","locations":[{"start":{"line":12,"column":136},"end":{"line":12,"column":157}},{"start":{"line":12,"column":161},"end":{"line":12,"column":166}}],"line":12},"2":{"loc":{"start":{"line":12,"column":200},"end":{"line":12,"column":254}},"type":"if","locations":[{"start":{"line":12,"column":200},"end":{"line":12,"column":254}},{"start":{"line":12,"column":200},"end":{"line":12,"column":254}}],"line":12},"3":{"loc":{"start":{"line":14,"column":62},"end":{"line":14,"column":131}},"type":"if","locations":[{"start":{"line":14,"column":62},"end":{"line":14,"column":131}},{"start":{"line":14,"column":62},"end":{"line":14,"column":131}}],"line":14},"4":{"loc":{"start":{"line":14,"column":132},"end":{"line":14,"column":193}},"type":"if","locations":[{"start":{"line":14,"column":132},"end":{"line":14,"column":193}},{"start":{"line":14,"column":132},"end":{"line":14,"column":193}}],"line":14}},"s":{"0":1,"1":1,"2":1,"3":1,"4":0,"5":1,"6":1,"7":2,"8":2,"9":2,"10":2,"11":2,"12":2,"13":1,"14":1,"15":1,"16":0,"17":1,"18":1,"19":1,"20":1,"21":1,"22":1,"23":1,"24":1,"25":1,"26":1},"f":{"0":1,"1":1,"2":1,"3":1,"4":1,"5":1,"6":1},"b":{"0":[0,1],"1":[2,2],"2":[2,0],"3":[1,0],"4":[0,1]},"_coverageSchema":"43e27e138ebf9cfc5966b082cf9a028302ed4184","hash":"86306a2b5452186debfce392bc36c1a971e97b03","contentHash":"0be19c67f4e222829f66ac6163a2b057cf2c7b0dcaefd3ac8f6364e485a2e29e"},"C:\\Users\\uggo\\Desktop\\Meal-Booking-App\\API\\server\\models\\Caterers.js":{"path":"C:\\Users\\uggo\\Desktop\\Meal-Booking-App\\API\\server\\models\\Caterers.js","statementMap":{"0":{"start":{"line":3,"column":0},"end":{"line":5,"column":3}},"1":{"start":{"line":6,"column":0},"end":{"line":6,"column":25}},"2":{"start":{"line":8,"column":18},"end":{"line":8,"column":41}},"3":{"start":{"line":10,"column":50},"end":{"line":10,"column":151}},"4":{"start":{"line":10,"column":92},"end":{"line":10,"column":149}},"5":{"start":{"line":12,"column":44},"end":{"line":12,"column":315}},"6":{"start":{"line":12,"column":57},"end":{"line":12,"column":58}},"7":{"start":{"line":12,"column":102},"end":{"line":12,"column":110}},"8":{"start":{"line":12,"column":112},"end":{"line":12,"column":167}},"9":{"start":{"line":12,"column":168},"end":{"line":12,"column":199}},"10":{"start":{"line":12,"column":200},"end":{"line":12,"column":254}},"11":{"start":{"line":12,"column":227},"end":{"line":12,"column":254}},"12":{"start":{"line":12,"column":255},"end":{"line":12,"column":313}},"13":{"start":{"line":14,"column":62},"end":{"line":14,"column":131}},"14":{"start":{"line":14,"column":78},"end":{"line":14,"column":131}},"15":{"start":{"line":14,"column":132},"end":{"line":14,"column":193}},"16":{"start":{"line":14,"column":149},"end":{"line":14,"column":193}},"17":{"start":{"line":14,"column":194},"end":{"line":14,"column":213}},"18":{"start":{"line":18,"column":0},"end":{"line":107,"column":3}},"19":{"start":{"line":20,"column":4},"end":{"line":20,"column":36}},"20":{"start":{"line":22,"column":4},"end":{"line":89,"column":7}},"21":{"start":{"line":92,"column":2},"end":{"line":104,"column":6}},"22":{"start":{"line":95,"column":6},"end":{"line":95,"column":26}},"23":{"start":{"line":100,"column":6},"end":{"line":102,"column":9}},"24":{"start":{"line":106,"column":2},"end":{"line":106,"column":18}},"25":{"start":{"line":109,"column":15},"end":{"line":109,"column":29}},"26":{"start":{"line":111,"column":0},"end":{"line":111,"column":27}}},"fnMap":{"0":{"name":"_classCallCheck","decl":{"start":{"line":10,"column":9},"end":{"line":10,"column":24}},"loc":{"start":{"line":10,"column":48},"end":{"line":10,"column":153}},"line":10},"1":{"name":"_defineProperties","decl":{"start":{"line":12,"column":9},"end":{"line":12,"column":26}},"loc":{"start":{"line":12,"column":42},"end":{"line":12,"column":317}},"line":12},"2":{"name":"_createClass","decl":{"start":{"line":14,"column":9},"end":{"line":14,"column":21}},"loc":{"start":{"line":14,"column":60},"end":{"line":14,"column":215}},"line":14},"3":{"name":"(anonymous_3)","decl":{"start":{"line":18,"column":0},"end":{"line":18,"column":1}},"loc":{"start":{"line":18,"column":12},"end":{"line":107,"column":1}},"line":18},"4":{"name":"Caterers","decl":{"start":{"line":19,"column":11},"end":{"line":19,"column":19}},"loc":{"start":{"line":19,"column":22},"end":{"line":90,"column":3}},"line":19},"5":{"name":"getCaterer","decl":{"start":{"line":94,"column":20},"end":{"line":94,"column":30}},"loc":{"start":{"line":94,"column":33},"end":{"line":96,"column":5}},"line":94},"6":{"name":"associationWithCustomer","decl":{"start":{"line":99,"column":20},"end":{"line":99,"column":43}},"loc":{"start":{"line":99,"column":61},"end":{"line":103,"column":5}},"line":99}},"branchMap":{"0":{"loc":{"start":{"line":10,"column":50},"end":{"line":10,"column":151}},"type":"if","locations":[{"start":{"line":10,"column":50},"end":{"line":10,"column":151}},{"start":{"line":10,"column":50},"end":{"line":10,"column":151}}],"line":10},"1":{"loc":{"start":{"line":12,"column":136},"end":{"line":12,"column":166}},"type":"binary-expr","locations":[{"start":{"line":12,"column":136},"end":{"line":12,"column":157}},{"start":{"line":12,"column":161},"end":{"line":12,"column":166}}],"line":12},"2":{"loc":{"start":{"line":12,"column":200},"end":{"line":12,"column":254}},"type":"if","locations":[{"start":{"line":12,"column":200},"end":{"line":12,"column":254}},{"start":{"line":12,"column":200},"end":{"line":12,"column":254}}],"line":12},"3":{"loc":{"start":{"line":14,"column":62},"end":{"line":14,"column":131}},"type":"if","locations":[{"start":{"line":14,"column":62},"end":{"line":14,"column":131}},{"start":{"line":14,"column":62},"end":{"line":14,"column":131}}],"line":14},"4":{"loc":{"start":{"line":14,"column":132},"end":{"line":14,"column":193}},"type":"if","locations":[{"start":{"line":14,"column":132},"end":{"line":14,"column":193}},{"start":{"line":14,"column":132},"end":{"line":14,"column":193}}],"line":14}},"s":{"0":1,"1":1,"2":1,"3":1,"4":0,"5":1,"6":1,"7":2,"8":2,"9":2,"10":2,"11":2,"12":2,"13":1,"14":1,"15":1,"16":0,"17":1,"18":1,"19":1,"20":1,"21":1,"22":1,"23":1,"24":1,"25":1,"26":1},"f":{"0":1,"1":1,"2":1,"3":1,"4":1,"5":1,"6":1},"b":{"0":[0,1],"1":[2,2],"2":[2,0],"3":[1,0],"4":[0,1]},"_coverageSchema":"43e27e138ebf9cfc5966b082cf9a028302ed4184","hash":"5c1055482f4a347ba5e5792066226f7b41ae4ad6","contentHash":"dea92be4529e2ef53e8b3eb9f7d836dd283945c3e3e5e7969aaeba454e91b274"},"C:\\Users\\uggo\\Desktop\\Meal-Booking-App\\API\\server\\models\\Meals.js":{"path":"C:\\Users\\uggo\\Desktop\\Meal-Booking-App\\API\\server\\models\\Meals.js","statementMap":{"0":{"start":{"line":3,"column":0},"end":{"line":5,"column":3}},"1":{"start":{"line":6,"column":0},"end":{"line":6,"column":25}},"2":{"start":{"line":8,"column":18},"end":{"line":8,"column":41}},"3":{"start":{"line":10,"column":50},"end":{"line":10,"column":151}},"4":{"start":{"line":10,"column":92},"end":{"line":10,"column":149}},"5":{"start":{"line":12,"column":44},"end":{"line":12,"column":315}},"6":{"start":{"line":12,"column":57},"end":{"line":12,"column":58}},"7":{"start":{"line":12,"column":102},"end":{"line":12,"column":110}},"8":{"start":{"line":12,"column":112},"end":{"line":12,"column":167}},"9":{"start":{"line":12,"column":168},"end":{"line":12,"column":199}},"10":{"start":{"line":12,"column":200},"end":{"line":12,"column":254}},"11":{"start":{"line":12,"column":227},"end":{"line":12,"column":254}},"12":{"start":{"line":12,"column":255},"end":{"line":12,"column":313}},"13":{"start":{"line":14,"column":62},"end":{"line":14,"column":131}},"14":{"start":{"line":14,"column":78},"end":{"line":14,"column":131}},"15":{"start":{"line":14,"column":132},"end":{"line":14,"column":193}},"16":{"start":{"line":14,"column":149},"end":{"line":14,"column":193}},"17":{"start":{"line":14,"column":194},"end":{"line":14,"column":213}},"18":{"start":{"line":18,"column":0},"end":{"line":92,"column":3}},"19":{"start":{"line":20,"column":4},"end":{"line":20,"column":33}},"20":{"start":{"line":22,"column":4},"end":{"line":72,"column":7}},"21":{"start":{"line":75,"column":2},"end":{"line":89,"column":6}},"22":{"start":{"line":78,"column":6},"end":{"line":78,"column":23}},"23":{"start":{"line":83,"column":6},"end":{"line":87,"column":9}},"24":{"start":{"line":91,"column":2},"end":{"line":91,"column":15}},"25":{"start":{"line":94,"column":15},"end":{"line":94,"column":26}},"26":{"start":{"line":96,"column":0},"end":{"line":96,"column":27}}},"fnMap":{"0":{"name":"_classCallCheck","decl":{"start":{"line":10,"column":9},"end":{"line":10,"column":24}},"loc":{"start":{"line":10,"column":48},"end":{"line":10,"column":153}},"line":10},"1":{"name":"_defineProperties","decl":{"start":{"line":12,"column":9},"end":{"line":12,"column":26}},"loc":{"start":{"line":12,"column":42},"end":{"line":12,"column":317}},"line":12},"2":{"name":"_createClass","decl":{"start":{"line":14,"column":9},"end":{"line":14,"column":21}},"loc":{"start":{"line":14,"column":60},"end":{"line":14,"column":215}},"line":14},"3":{"name":"(anonymous_3)","decl":{"start":{"line":18,"column":0},"end":{"line":18,"column":1}},"loc":{"start":{"line":18,"column":12},"end":{"line":92,"column":1}},"line":18},"4":{"name":"Meals","decl":{"start":{"line":19,"column":11},"end":{"line":19,"column":16}},"loc":{"start":{"line":19,"column":19},"end":{"line":73,"column":3}},"line":19},"5":{"name":"getMeal","decl":{"start":{"line":77,"column":20},"end":{"line":77,"column":27}},"loc":{"start":{"line":77,"column":30},"end":{"line":79,"column":5}},"line":77},"6":{"name":"associationWithCaterer","decl":{"start":{"line":82,"column":20},"end":{"line":82,"column":42}},"loc":{"start":{"line":82,"column":50},"end":{"line":88,"column":5}},"line":82}},"branchMap":{"0":{"loc":{"start"
[...]
e":18,"column":215}},"line":18},"9":{"name":"(anonymous_9)","decl":{"start":{"line":22,"column":0},"end":{"line":22,"column":1}},"loc":{"start":{"line":22,"column":12},"end":{"line":113,"column":1}},"line":22},"10":{"name":"CustomersService","decl":{"start":{"line":23,"column":11},"end":{"line":23,"column":27}},"loc":{"start":{"line":23,"column":30},"end":{"line":27,"column":3}},"line":23},"11":{"name":"(anonymous_11)","decl":{"start":{"line":31,"column":11},"end":{"line":31,"column":12}},"loc":{"start":{"line":31,"column":23},"end":{"line":71,"column":5}},"line":31},"12":{"name":"_callee","decl":{"start":{"line":34,"column":39},"end":{"line":34,"column":46}},"loc":{"start":{"line":34,"column":57},"end":{"line":64,"column":7}},"line":34},"13":{"name":"_callee$","decl":{"start":{"line":36,"column":48},"end":{"line":36,"column":56}},"loc":{"start":{"line":36,"column":67},"end":{"line":63,"column":9}},"line":36},"14":{"name":"login","decl":{"start":{"line":66,"column":15},"end":{"line":66,"column":20}},"loc":{"start":{"line":66,"column":25},"end":{"line":68,"column":7}},"line":66},"15":{"name":"(anonymous_15)","decl":{"start":{"line":74,"column":11},"end":{"line":74,"column":12}},"loc":{"start":{"line":74,"column":23},"end":{"line":109,"column":5}},"line":74},"16":{"name":"_callee2","decl":{"start":{"line":77,"column":39},"end":{"line":77,"column":47}},"loc":{"start":{"line":77,"column":62},"end":{"line":102,"column":7}},"line":77},"17":{"name":"_callee2$","decl":{"start":{"line":79,"column":48},"end":{"line":79,"column":57}},"loc":{"start":{"line":79,"column":69},"end":{"line":101,"column":9}},"line":79},"18":{"name":"register","decl":{"start":{"line":104,"column":15},"end":{"line":104,"column":23}},"loc":{"start":{"line":104,"column":29},"end":{"line":106,"column":7}},"line":104}},"branchMap":{"0":{"loc":{"start":{"line":10,"column":176},"end":{"line":10,"column":263}},"type":"if","locations":[{"start":{"line":10,"column":176},"end":{"line":10,"column":263}},{"start":{"line":10,"column":176},"end":{"line":10,"column":263}}],"line":10},"1":{"loc":{"start":{"line":14,"column":50},"end":{"line":14,"column":151}},"type":"if","locations":[{"start":{"line":14,"column":50},"end":{"line":14,"column":151}},{"start":{"line":14,"column":50},"end":{"line":14,"column":151}}],"line":14},"2":{"loc":{"start":{"line":16,"column":136},"end":{"line":16,"column":166}},"type":"binary-expr","locations":[{"start":{"line":16,"column":136},"end":{"line":16,"column":157}},{"start":{"line":16,"column":161},"end":{"line":16,"column":166}}],"line":16},"3":{"loc":{"start":{"line":16,"column":200},"end":{"line":16,"column":254}},"type":"if","locations":[{"start":{"line":16,"column":200},"end":{"line":16,"column":254}},{"start":{"line":16,"column":200},"end":{"line":16,"column":254}}],"line":16},"4":{"loc":{"start":{"line":18,"column":62},"end":{"line":18,"column":131}},"type":"if","locations":[{"start":{"line":18,"column":62},"end":{"line":18,"column":131}},{"start":{"line":18,"column":62},"end":{"line":18,"column":131}}],"line":18},"5":{"loc":{"start":{"line":18,"column":132},"end":{"line":18,"column":193}},"type":"if","locations":[{"start":{"line":18,"column":132},"end":{"line":18,"column":193}},{"start":{"line":18,"column":132},"end":{"line":18,"column":193}}],"line":18},"6":{"loc":{"start":{"line":38,"column":12},"end":{"line":61,"column":13}},"type":"switch","locations":[{"start":{"line":39,"column":14},"end":{"line":47,"column":19}},{"start":{"line":49,"column":14},"end":{"line":51,"column":57}},{"start":{"line":53,"column":14},"end":{"line":56,"column":62}},{"start":{"line":58,"column":14},"end":{"line":58,"column":22}},{"start":{"line":59,"column":14},"end":{"line":60,"column":39}}],"line":38},"7":{"loc":{"start":{"line":81,"column":12},"end":{"line":99,"column":13}},"type":"switch","locations":[{"start":{"line":82,"column":14},"end":{"line":85,"column":58}},{"start":{"line":87,"column":14},"end":{"line":89,"column":58}},{"start":{"line":91,"column":14},"end":{"line":94,"column":64}},{"start":{"line":96,"column":14},"end":{"line":96,"column":22}},{"start":{"line":97,"column":14},"end":{"line":98,"column":40}}],"line":81}},"s":{"0":1,"1":1,"2":1,"3":16,"4":16,"5":16,"6":0,"7":0,"8":16,"9":8,"10":8,"11":2,"12":8,"13":8,"14":8,"15":8,"16":13,"17":3,"18":8,"19":1,"20":0,"21":1,"22":1,"23":2,"24":2,"25":2,"26":2,"27":2,"28":2,"29":1,"30":1,"31":1,"32":0,"33":1,"34":1,"35":1,"36":1,"37":1,"38":1,"39":3,"40":9,"41":9,"42":3,"43":3,"44":3,"45":3,"46":3,"47":0,"48":0,"49":0,"50":3,"51":3,"52":1,"53":1,"54":5,"55":15,"56":15,"57":5,"58":5,"59":5,"60":2,"61":2,"62":3,"63":3,"64":3,"65":5,"66":5,"67":1,"68":1,"69":1,"70":1},"f":{"0":16,"1":2,"2":8,"3":8,"4":13,"5":3,"6":1,"7":1,"8":1,"9":1,"10":1,"11":1,"12":3,"13":9,"14":3,"15":1,"16":5,"17":15,"18":5},"b":{"0":[8,8],"1":[0,1],"2":[2,2],"3":[2,0],"4":[1,0],"5":[0,1],"6":[3,3,0,0,3],"7":[5,2,3,0,5]},"_coverageSchema":"43e27e138ebf9cfc5966b082cf9a028302ed4184","hash":"e8d91e75d8b9d22dc631af9a17e05726287515ef","contentHash":"0c5a017b4353efcb6088aa28ced1de72cf3150562e8f8932cbc41399ed93f9d9"},"C:\\Users\\uggo\\Desktop\\Meal-Booking-App\\API\\server\\routes\\caterersRoute.js":{"path":"C:\\Users\\uggo\\Desktop\\Meal-Booking-App\\API\\server\\routes\\caterersRoute.js","statementMap":{"0":{"start":{"line":3,"column":0},"end":{"line":5,"column":3}},"1":{"start":{"line":6,"column":0},"end":{"line":6,"column":25}},"2":{"start":{"line":8,"column":15},"end":{"line":8,"column":57}},"3":{"start":{"line":10,"column":26},"end":{"line":10,"column":94}},"4":{"start":{"line":12,"column":39},"end":{"line":12,"column":93}},"5":{"start":{"line":15,"column":13},"end":{"line":15,"column":38}},"6":{"start":{"line":17,"column":0},"end":{"line":17,"column":76}},"7":{"start":{"line":18,"column":0},"end":{"line":18,"column":77}},"8":{"start":{"line":19,"column":15},"end":{"line":19,"column":21}},"9":{"start":{"line":20,"column":0},"end":{"line":20,"column":27}}},"fnMap":{"0":{"name":"_interopRequireDefault","decl":{"start":{"line":12,"column":9},"end":{"line":12,"column":31}},"loc":{"start":{"line":12,"column":37},"end":{"line":12,"column":95}},"line":12}},"branchMap":{"0":{"loc":{"start":{"line":12,"column":46},"end":{"line":12,"column":92}},"type":"cond-expr","locations":[{"start":{"line":12,"column":70},"end":{"line":12,"column":73}},{"start":{"line":12,"column":76},"end":{"line":12,"column":92}}],"line":12},"1":{"loc":{"start":{"line":12,"column":46},"end":{"line":12,"column":67}},"type":"binary-expr","locations":[{"start":{"line":12,"column":46},"end":{"line":12,"column":49}},{"start":{"line":12,"column":53},"end":{"line":12,"column":67}}],"line":12}},"s":{"0":1,"1":1,"2":1,"3":1,"4":2,"5":1,"6":1,"7":1,"8":1,"9":1},"f":{"0":2},"b":{"0":[1,1],"1":[2,2]},"_coverageSchema":"43e27e138ebf9cfc5966b082cf9a028302ed4184","hash":"2f86d5d12c92a54c2ba4805fb698039084233959","contentHash":"3462c5f9ef07b6136f3a5e8471a74a7e1be916ee8d6063534d98257b0c6deba5"},"C:\\Users\\uggo\\Desktop\\Meal-Booking-App\\API\\server\\controllers\\CaterersController.js":{"path":"C:\\Users\\uggo\\Desktop\\Meal-Booking-App\\API\\server\\controllers\\CaterersController.js","statementMap":{"0":{"start":{"line":3,"column":0},"end":{"line":5,"column":3}},"1":{"start":{"line":6,"column":0},"end":{"line":6,"column":25}},"2":{"start":{"line":8,"column":23},"end":{"line":8,"column":85}},"3":{"start":{"line":10,"column":18},"end":{"line":10,"column":74}},"4":{"start":{"line":12,"column":11},"end":{"line":12,"column":60}},"5":{"start":{"line":14,"column":39},"end":{"line":14,"column":93}},"6":{"start":{"line":16,"column":77},"end":{"line":16,"column":175}},"7":{"start":{"line":16,"column":94},"end":{"line":16,"column":107}},"8":{"start":{"line":16,"column":121},"end":{"line":16,"column":131}},"9":{"start":{"line":16,"column":151},"end":{"line":16,"column":165}},"10":{"start":{"line":16,"column":166},"end":{"line":16,"column":173}},"11":{"start":{"line":16,"column":176},"end":{"line":16,"column":263}},"12":{"start":{"line":16,"column":193},"end":{"line":16,"column":208}},"13":{"start":{"line":16,"column":218},"end":{"line":16,"column":261}},"14":{"start":{"line":18,"column":33},"end":{"line":18,"column":387}},"15":{"start":{"line":18,"column":65},"end":{"line":18,"column":69}},"16":{"start":{"line":18,"column":78},"end":{"line":18,"column":87}},"17":{"start":{"line":18,"column":89},"end":{"line":18,"column":384}},"18":{"start":{"line":18,"column":147},"end":{"line":18,"column":167}},"19":{"start":{"line":18,"column":193},"end":{"line":18,"column":264}},"20":{"start":{"line":18,"column":290},"end":{"line":18,"column":360}},"21":{"start":{"line":18,"column":363},"end":{"line":18,"column":380}},"22":{"start":{"line":20,"column":50},"end":{"line":20,"column":151}},"23":{"start":{"line":20,"column":92},"end":{"line":20,"column":149}},"24":{"start":{"line":22,"column":44},"end":{"line":22,"column":315}},"25":{"start":{"line":22,"column":57},"end":{"line":22,"column":58}},"26":{"start":{"line":22,"column":102},"end":{"line":22,"column":110}},"27":{"start":{"line":22,"column":112},"end":{"line":22,"column":167}},"28":{"start":{"line":22,"column":168},"end":{"line":22,"column":199}},"29":{"start":{"line":22,"column":200},"end":{"line":22,"column":254}},"30":{"start":{"line":22,"column":227},"end":{"line":22,"column":254}},"31":{"start":{"line":22,"column":255},"end":{"line":22,"column":313}},"32":{"start":{"line":24,"column":62},"end":{"line":24,"column":131}},"33":{"start":{"line":24,"column":78},"end":{"line":24,"column":131}},"34":{"start":{"line":24,"column":132},"end":{"line":24,"column":193}},"35":{"start":{"line":24,"column":149},"end":{"line":24,"column":193}},"36":{"start":{"line":24,"column":194},"end":{"line":24,"column":213}},"37":{"start":{"line":28,"column":0},"end":{"line":123,"column":3}},"38":{"start":{"line":30,"column":4},"end":{"line":30,"column":46}},"39":{"start":{"line":33,"column":2},"end":{"line":120,"column":6}},"40":{"start":{"line":36,"column":24},"end":{"line":68,"column":9}},"41":{"start":{"line":40,"column":8},"end":{"line":67,"column":26}},"42":{"start":{"line":41,"column":10},"end":{"line":66,"column":11}},"43":{"start":{"line":42,"column":12},"end":{"line":65,"column":13}},"44":{"start":{"line":44,"column":16},"end":{"line":44,"column":34}},"45":{"start":{"line":45,"column":16},"end":{"line":45,"column":64}},"46":{"start":{"line":48,"column":16},"end":{"line":48,"column":36}},"47":{"start":{"line":50,"column":16},"end":{"line":60,"column":17}},"48":{"start":{"line":51,"column":18},"end":{"line":51,"column":100}},"49":{"start":{"line":53,"column":18},"end":{"line":56,"column":21}},"50":{"start":{"line":57,"column":18},"end":{"line":59,"column":21}},"51":{"start":{"line":64,"column":16},"end":{"line":64,"column":39}},"52":{"start":{"line":71,"column":8},"end":{"line":71,"column":50}},"53":{"start":{"line":74,"column":6},"end":{"line":74,"column":24}},"54":{"start":{"line":79,"column":24},"end":{"line":112,"column":9}},"55":{"start":{"line":83,"column":8},"end":{"line":111,"column":27}},"56":{"start":{"line":84,"column":10},"end":{"line":110,"column":11}},"57":{"start":{"line":85,"column":12},"end":{"line":109,"column":13}},"58":{"start":{"line":87,"column":16},"end":{"line":87,"column":35}},"59":{"start":{"line":88,"column":16},"end":{"line":88,"column":67}},"60":{"start":{"line":91,"column":16},"end":{"line":91,"column":37}},"61":{"start":{"line":93,"column":16},"end":{"line":104,"column":17}},"62":{"start":{"line":94,"column":18},"end":{"line":94,"column":61}},"63":{"start":{"line":95,"column":18},"end":{"line":95,"column":44}},"64":{"start":{"line":97,"column":18},"end":{"line":100,"column":21}},"65":{"start":{"line":101,"column":18},"end":{"line":103,"column":21}},"66":{"start":{"line":108,"column":16},"end":{"line":108,"column":40}},"67":{"start":{"line":115,"column":8},"end":{"line":115,"column":50}},"68":{"start":{"line":118,"column":6},"end":{"line":118,"column":24}},"69":{"start":{"line":122,"column":2},"end":{"line":122,"column":28}},"70":{"start":{"line":125,"column":15},"end":{"line":125,"column":39}},"71":{"start":{"line":127,"column":0},"end":{"line":127,"column":27}}},"fnMap":{"0":{"name":"_interopRequireDefault","decl":{"start":{"line":14,"column":9},"end":{"line":14,"column":31}},"loc":{"start":{"line":14,"column":37},"end":{"line":14,"column":95}},"line":14},"1":{"name":"asyncGeneratorStep","decl":{"start":{"line":16,"column":9},"end":{"line":16,"column":27}},"loc":{"start":{"line":16,"column":75},"end":{"line":16,"column":265}},"line":16},"2":{"name":"_asyncToGenerator","decl":{"start":{"line":18,"column":9},"end":{"line":18,"column":26}},"loc":{"start":{"line":18,"column":31},"end":{"line":18,"column":389}},"line":18},"3":{"name":"(anonymous_3)","decl":{"start":{"line":18,"column":40},"end":{"line":18,"column":41}},"loc":{"start":{"line":18,"column":52},"end":{"line":18,"column":386}},"line":18},"4":{"name":"(anonymous_4)","decl":{"start":{"line":18,"column":108},"end":{"line":18,"column":109}},"loc":{"start":{"line":18,"column":135},"end":{"line":18,"column":382}},"line":18},"5":{"name":"_next","decl":{"start":{"line":18,"column":178},"end":{"line":18,"column":183}},"loc":{"start":{"line":18,"column":191},"end":{"line":18,"column":266}},"line":18},"6":{"name":"_throw","decl":{"start":{"line":18,"column":276},"end":{"line":18,"column":282}},"loc":{"start":{"line":18,"column":288},"end":{"line":18,"column":362}},"line":18},"7":{"name":"_classCallCheck","decl":{"start":{"line":20,"column":9},"end":{"line":20,"column":24}},"loc":{"start":{"line":20,"column":48},"end":{"line":20,"column":153}},"line":20},"8":{"name":"_defineProperties","decl":{"start":{"line":22,"column":9},"end":{"line":22,"column":26}},"loc":{"start":{"line":22,"column":42},"end":{"line":22,"column":317}},"line":22},"9":{"name":"_createClass","decl":{"start":{"line":24,"column":9},"end":{"line":24,"column":21}},"loc":{"start":{"line":24,"column":60},"end":{"line":24,"column":215}},"line":24},"10":{"name":"(anonymous_10)","decl":{"start":{"line":28,"column":0},"end":{"line":28,"column":1}},"loc":{"start":{"line":28,"column":12},"end":{"line":123,"column":1}},"line":28},"11":{"name":"CaterersController","decl":{"start":{"line":29,"column":11},"end":{"line":29,"column":29}},"loc":{"start":{"line":29,"column":32},"end":{"line":31,"column":3}},"line":29},"12":{"name":"(anonymous_12)","decl":{"start":{"line":35,"column":11},"end":{"line":35,"column":12}},"loc":{"start":{"line":35,"column":23},"end":{"line":75,"column":5}},"line":35},"13":{"name":"_callee","decl":{"start":{"line":38,"column":39},"end":{"line":38,"column":46}},"loc":{"start":{"line":38,"column":57},"end":{"line":68,"column":7}},"line":38},"14":{"name":"_callee$","decl":{"start":{"line":40,"column":48},"end":{"line":40,"column":56}},"loc":{"start":{"line":40,"column":67},"end":{"line":67,"column":9}},"line":40},"15":{"name":"getCaterer","decl":{"start":{"line":70,"column":15},"end":{"line":70,"column":25}},"loc":{"start":{"line":70,"column":35},"end":{"line":72,"column":7}},"line":70},"16":{"name":"(anonymous_16)","decl":{"start":{"line":78,"column":11},"end":{"line":78,"column":12}},"loc":{"start":{"line":78,"column":23},"end":{"line":119,"column":5}},"line":78},"17":{"name":"_callee2","decl":{"start":{"line":81,"column":39},"end":{"line":81,"column":47}},"loc":{"start":{"line":81,"column":58},"end":{"line":112,"column":7}},"line":81},"18":{"name":"_callee2$","decl":{"start":{"line":83,"column":48},"end":{"line":83,"column":57}},"loc":{"start":{"line":83,"column":69},"end":{"line":111,"column":9}},"line":83},"19":{"name":"addCaterer","decl":{"start":{"line":114,"column":15},"end":{"line":114,"column":25}},"loc":{"start":{"line":114,"column":36},"end":{"line":116,"column":7}},"line":114}},"branchMap":{"0":{"loc":{"start":{"line":14,"column":46},"end":{"line":14,"column":92}},"type":"cond-expr","locations":[{"start":{"line":14,"column":70},"end":{"line":14,"column":73}},{"start":{"line":14,"column":76},"end":{"line":14,"column":92}}],"line":14},"1":{"loc":{"start":{"line":14,"column":46},"end":{"line":14,"column":67}},"type":"binary-expr","locations":[{"start":{"line":14,"column":46},"end":{"line":14,"column":49}},{"start":{"line":14,"column":53},"end":{"line":14,"column":67}}],"line":14},"2":{"loc":{"start":{"line":16,"column":176},"end":{"line":16,"column":263}},"type":"if","locations":[{"start":{"line":16,"column":176},"end":{"line":16,"column":263}},{"start":{"line":16,"column":176},"end":{"line":16,"column":263}}],"line":16},"3":{"loc":{"start":{"line":20,"column":50},"end":{"line":20,"column":151}},"type":"if","locations":[{"start":{"line":20,"column":50},"end":{"line":20,"column":151}},{"start":{"line":20,"column":50},"end":{"line":20,"column":151}}],"line":20},"4":{"loc":{"start":{"line":22,"column":136},"end":{"line":22,"column":166}},"type":"binary-expr","locations":[{"start":{"line":22,"column":136},"end":{"line":22,"column":157}},{"start":{"line":22,"column":161},"end":{"line":22,"column":166}}],"line":22},"5":{"loc":{"start":{"line":22,"column":200},"end":{"line":22,"column":254}},"type":"if","locations":[{"start":{"line":22,"column":200},"end":{"line":22,"column":254}},{"start":{"line":22,"column":200},"end":{"line":22,"column":254}}],"line":22},"6":{"loc":{"start":{"line":24,"column":62},"end":{"line":24,"column":131}},"type":"if","locations":[{"start":{"line":24,"column":62},"end":{"line":24,"column":131}},{"start":{"line":24,"column":62},"end":{"line":24,"column":131}}],"line":24},"7":{"loc":{"start":{"line":24,"column":132},"end":{"line":24,"column":193}},"type":"if","locations":[{"start":{"line":24,"column":132},"end":{"line":24,"column":193}},{"start":{"line":24,"column":132},"end":{"line":24,"column":193}}],"line":24},"8":{"loc":{"start":{"line":42,"column":12},"end":{"line":65,"column":13}},"type":"switch","locations":[{"start":{"line":43,"column":14},"end":{"line":45,"column":64}},{"start":{"line":47,"column":14},"end":{"line":60,"column":17}},{"start":{"line":62,"column":14},"end":{"line":62,"column":21}},{"start":{"line":63,"column":14},"end":{"line":64,"column":39}}],"line":42},"9":{"loc":{"start":{"line":50,"column":16},"end":{"line":60,"column":17}},"type":"if","locations":[{"start":{"line":50,"column":16},"end":{"line":60,"column":17}},{"start":{"line":50,"column":16},"end":{"line":60,"column":17}}],"line":50},"10":{"loc":{"start":{"line":85,"column":12},"end":{"line":109,"column":13}},"type":"switch","locations":[{"start":{"line":86,"column":14},"end":{"line":88,"column":67}},{"start":{"line":90,"column":14},"end":{"line":104,"column":17}},{"start":{"line":106,"column":14},"end":{"line":106,"column":21}},{"start":{"line":107,"column":14},"end":{"line":108,"column":40}}],"line":85},"11":{"loc":{"start":{"line":93,"column":16},"end":{"line":104,"column":17}},"type":"if","locations":[{"start":{"line":93,"column":16},"end":{"line":104,"column":17}},{"start":{"line":93,"column":16},"end":{"line":104,"column":17}}],"line":93}},"s":{"0":1,"1":1,"2":1,"3":1,"4":1,"5":3,"6":16,"7":16,"8":16,"9":0,"10":0,"11":16,"12":8,"13":8,"14":2,"15":8,"16":8,"17":8,"18":8,"19":16,"20":0,"21":8,"22":1,"23":0,"24":1,"25":1,"26":2,"27":2,"28":2,"29":2,"30":2,"31":2,"32":1,"33":1,"34":1,"35":0,"36":1,"37":1,"38":1,"39":1,"40":1,"41":3,"42":6,"43":6,"44":3,"45":3,"46":3,"47":3,"48":1,"49":2,"50":2,"51":3,"52":3,"53":1,"54":1,"55":5,"56":10,"57":10,"58":5,"59":5,"60":5,"61":5,"62":3,"63":3,"64":2,"65":2,"66":5,"67":5,"68":1,"69":1,"70":1,"71":1},"f":{"0":3,"1":16,"2":2,"3":8,"4":8,"5":16,"6":0,"7":1,"8":1,"9":1,"10":1,"11":1,"12":1,"13":3,"14":6,"15":3,"16":1,"17":5,"18":10,"19":5},"b":{"0":[3,0],"1":[3,3],"2":[8,8],"3":[0,1],"4":[2,2],"5":[2,0],"6":[1,0],"7":[0,1],"8":[3,3,3,3],"9":[1,2],"10":[5,5,5,5],"11":[3,2]},"_coverageSchema":"43e27e138ebf9cfc5966b082cf9a028302ed4184","hash":"ae7ef530b4edc1d17558d608c453fe15b274875c","contentHash":"05729fca3be2f6f8e37b71945ac3b61796a601bbc7cacaa304ace82736d9091d"}}